{"C:\\Users\\Matteo\\Desktop\\WCS\\cdajs-2405-projet-coup-de-main-go\\backend\\src\\datasource\\index.ts": {"path":"C:\\Users\\Matteo\\Desktop\\WCS\\cdajs-2405-projet-coup-de-main-go\\backend\\src\\datasource\\index.ts","statementMap":{"0":{"start":{"line":1,"column":0},"end":{"line":1,"column":32}},"1":{"start":{"line":2,"column":0},"end":{"line":2,"column":37}},"2":{"start":{"line":4,"column":0},"end":{"line":4,"column":9}},"3":{"start":{"line":6,"column":23},"end":{"line":6,"column":48}},"4":{"start":{"line":7,"column":27},"end":{"line":7,"column":56}},"5":{"start":{"line":8,"column":23},"end":{"line":8,"column":48}},"6":{"start":{"line":9,"column":23},"end":{"line":9,"column":62}},"7":{"start":{"line":10,"column":27},"end":{"line":10,"column":56}},"8":{"start":{"line":12,"column":13},"end":{"line":22,"column":3}}},"fnMap":{},"branchMap":{"0":{"loc":{"start":{"line":6,"column":23},"end":{"line":6,"column":48}},"type":"binary-expr","locations":[{"start":{"line":6,"column":23},"end":{"line":6,"column":42}},{"start":{"line":6,"column":46},"end":{"line":6,"column":48}}]},"1":{"loc":{"start":{"line":7,"column":27},"end":{"line":7,"column":56}},"type":"binary-expr","locations":[{"start":{"line":7,"column":27},"end":{"line":7,"column":50}},{"start":{"line":7,"column":54},"end":{"line":7,"column":56}}]},"2":{"loc":{"start":{"line":8,"column":23},"end":{"line":8,"column":48}},"type":"binary-expr","locations":[{"start":{"line":8,"column":23},"end":{"line":8,"column":42}},{"start":{"line":8,"column":46},"end":{"line":8,"column":48}}]},"3":{"loc":{"start":{"line":9,"column":32},"end":{"line":9,"column":57}},"type":"binary-expr","locations":[{"start":{"line":9,"column":32},"end":{"line":9,"column":51}},{"start":{"line":9,"column":55},"end":{"line":9,"column":57}}]},"4":{"loc":{"start":{"line":10,"column":27},"end":{"line":10,"column":56}},"type":"binary-expr","locations":[{"start":{"line":10,"column":27},"end":{"line":10,"column":50}},{"start":{"line":10,"column":54},"end":{"line":10,"column":56}}]}},"s":{"0":13,"1":13,"2":13,"3":13,"4":13,"5":13,"6":13,"7":13,"8":13},"f":{},"b":{"0":[13,0],"1":[13,0],"2":[13,0],"3":[13,0],"4":[13,0]}}
,"C:\\Users\\Matteo\\Desktop\\WCS\\cdajs-2405-projet-coup-de-main-go\\backend\\src\\entities\\Ad.ts": {"path":"C:\\Users\\Matteo\\Desktop\\WCS\\cdajs-2405-projet-coup-de-main-go\\backend\\src\\entities\\Ad.ts","statementMap":{"0":{"start":{"line":1,"column":0},"end":{"line":1,"column":null}},"1":{"start":{"line":14,"column":0},"end":{"line":14,"column":71}},"2":{"start":{"line":15,"column":0},"end":{"line":15,"column":57}},"3":{"start":{"line":16,"column":0},"end":{"line":16,"column":30}},"4":{"start":{"line":17,"column":0},"end":{"line":17,"column":30}},"5":{"start":{"line":18,"column":0},"end":{"line":18,"column":32}},"6":{"start":{"line":19,"column":0},"end":{"line":19,"column":44}},"7":{"start":{"line":21,"column":0},"end":{"line":21,"column":null}},"8":{"start":{"line":22,"column":2},"end":{"line":22,"column":null}},"9":{"start":{"line":23,"column":2},"end":{"line":23,"column":null}},"10":{"start":{"line":24,"column":2},"end":{"line":24,"column":null}},"11":{"start":{"line":27,"column":0},"end":{"line":30,"column":3}},"12":{"start":{"line":34,"column":7},"end":{"line":165,"column":null}},"13":{"start":{"line":139,"column":4},"end":{"line":139,"column":12}},"14":{"start":{"line":44,"column":2},"end":{"line":44,"column":21}},"15":{"start":{"line":51,"column":2},"end":{"line":51,"column":27}},"16":{"start":{"line":58,"column":2},"end":{"line":58,"column":23}},"17":{"start":{"line":65,"column":2},"end":{"line":65,"column":23}},"18":{"start":{"line":72,"column":2},"end":{"line":72,"column":20}},"19":{"start":{"line":76,"column":2},"end":{"line":76,"column":23}},"20":{"start":{"line":80,"column":2},"end":{"line":80,"column":26}},"21":{"start":{"line":85,"column":2},"end":{"line":85,"column":33}},"22":{"start":{"line":99,"column":2},"end":{"line":99,"column":24}},"23":{"start":{"line":103,"column":2},"end":{"line":103,"column":24}},"24":{"start":{"line":107,"column":2},"end":{"line":107,"column":24}},"25":{"start":{"line":140,"column":4},"end":{"line":140,"column":23}},"26":{"start":{"line":141,"column":4},"end":{"line":141,"column":35}},"27":{"start":{"line":142,"column":4},"end":{"line":142,"column":27}},"28":{"start":{"line":143,"column":4},"end":{"line":143,"column":27}},"29":{"start":{"line":144,"column":4},"end":{"line":144,"column":21}},"30":{"start":{"line":145,"column":4},"end":{"line":145,"column":29}},"31":{"start":{"line":146,"column":4},"end":{"line":146,"column":35}},"32":{"start":{"line":147,"column":4},"end":{"line":147,"column":39}},"33":{"start":{"line":148,"column":4},"end":{"line":148,"column":23}},"34":{"start":{"line":149,"column":4},"end":{"line":149,"column":35}},"35":{"start":{"line":150,"column":4},"end":{"line":150,"column":35}},"36":{"start":{"line":151,"column":4},"end":{"line":151,"column":35}},"37":{"start":{"line":156,"column":17},"end":{"line":156,"column":27}},"38":{"start":{"line":157,"column":4},"end":{"line":157,"column":26}},"39":{"start":{"line":158,"column":4},"end":{"line":158,"column":26}},"40":{"start":{"line":163,"column":4},"end":{"line":163,"column":32}},"41":{"start":{"line":34,"column":13},"end":{"line":34,"column":15}},"42":{"start":{"line":37,"column":2},"end":{"line":37,"column":null}},"43":{"start":{"line":36,"column":19},"end":{"line":36,"column":21}},"44":{"start":{"line":44,"column":2},"end":{"line":44,"column":null}},"45":{"start":{"line":51,"column":2},"end":{"line":51,"column":null}},"46":{"start":{"line":58,"column":2},"end":{"line":58,"column":null}},"47":{"start":{"line":65,"column":2},"end":{"line":65,"column":null}},"48":{"start":{"line":72,"column":2},"end":{"line":72,"column":null}},"49":{"start":{"line":76,"column":2},"end":{"line":76,"column":null}},"50":{"start":{"line":80,"column":2},"end":{"line":80,"column":null}},"51":{"start":{"line":85,"column":2},"end":{"line":85,"column":null}},"52":{"start":{"line":84,"column":15},"end":{"line":84,"column":21}},"53":{"start":{"line":90,"column":2},"end":{"line":90,"column":null}},"54":{"start":{"line":95,"column":2},"end":{"line":95,"column":null}},"55":{"start":{"line":99,"column":2},"end":{"line":99,"column":null}},"56":{"start":{"line":103,"column":2},"end":{"line":103,"column":null}},"57":{"start":{"line":107,"column":2},"end":{"line":107,"column":null}},"58":{"start":{"line":111,"column":2},"end":{"line":111,"column":null}},"59":{"start":{"line":109,"column":19},"end":{"line":109,"column":23}},"60":{"start":{"line":109,"column":35},"end":{"line":109,"column":42}},"61":{"start":{"line":110,"column":19},"end":{"line":110,"column":25}},"62":{"start":{"line":115,"column":2},"end":{"line":115,"column":null}},"63":{"start":{"line":113,"column":19},"end":{"line":113,"column":23}},"64":{"start":{"line":113,"column":35},"end":{"line":113,"column":43}},"65":{"start":{"line":114,"column":15},"end":{"line":114,"column":19}},"66":{"start":{"line":119,"column":2},"end":{"line":119,"column":null}},"67":{"start":{"line":117,"column":19},"end":{"line":117,"column":24}},"68":{"start":{"line":117,"column":37},"end":{"line":117,"column":46}},"69":{"start":{"line":118,"column":15},"end":{"line":118,"column":20}},"70":{"start":{"line":123,"column":2},"end":{"line":123,"column":null}},"71":{"start":{"line":121,"column":18},"end":{"line":121,"column":29}},"72":{"start":{"line":121,"column":48},"end":{"line":121,"column":62}},"73":{"start":{"line":122,"column":15},"end":{"line":122,"column":26}},"74":{"start":{"line":155,"column":2},"end":{"line":159,"column":null}},"75":{"start":{"line":162,"column":2},"end":{"line":164,"column":null}},"76":{"start":{"line":34,"column":13},"end":{"line":165,"column":null}}},"fnMap":{"0":{"name":"(anonymous_2)","decl":{"start":{"line":21,"column":0},"end":{"line":21,"column":12}},"loc":{"start":{"line":21,"column":18},"end":{"line":25,"column":1}}},"1":{"name":"(anonymous_3)","decl":{"start":{"line":125,"column":2},"end":{"line":125,"column":null}},"loc":{"start":{"line":137,"column":21},"end":{"line":152,"column":3}}},"2":{"name":"(anonymous_4)","decl":{"start":{"line":155,"column":2},"end":{"line":155,"column":16}},"loc":{"start":{"line":155,"column":16},"end":{"line":159,"column":3}}},"3":{"name":"(anonymous_5)","decl":{"start":{"line":162,"column":2},"end":{"line":162,"column":16}},"loc":{"start":{"line":162,"column":16},"end":{"line":164,"column":3}}},"4":{"name":"(anonymous_6)","decl":{"start":{"line":36,"column":9},"end":{"line":36,"column":10}},"loc":{"start":{"line":36,"column":19},"end":{"line":36,"column":21}}},"5":{"name":"(anonymous_7)","decl":{"start":{"line":84,"column":9},"end":{"line":84,"column":12}},"loc":{"start":{"line":84,"column":15},"end":{"line":84,"column":21}}},"6":{"name":"(anonymous_8)","decl":{"start":{"line":109,"column":13},"end":{"line":109,"column":16}},"loc":{"start":{"line":109,"column":19},"end":{"line":109,"column":23}}},"7":{"name":"(anonymous_9)","decl":{"start":{"line":109,"column":25},"end":{"line":109,"column":26}},"loc":{"start":{"line":109,"column":35},"end":{"line":109,"column":42}}},"8":{"name":"(anonymous_10)","decl":{"start":{"line":110,"column":9},"end":{"line":110,"column":10}},"loc":{"start":{"line":110,"column":19},"end":{"line":110,"column":25}}},"9":{"name":"(anonymous_11)","decl":{"start":{"line":113,"column":13},"end":{"line":113,"column":16}},"loc":{"start":{"line":113,"column":19},"end":{"line":113,"column":23}}},"10":{"name":"(anonymous_12)","decl":{"start":{"line":113,"column":25},"end":{"line":113,"column":26}},"loc":{"start":{"line":113,"column":35},"end":{"line":113,"column":43}}},"11":{"name":"(anonymous_13)","decl":{"start":{"line":114,"column":9},"end":{"line":114,"column":12}},"loc":{"start":{"line":114,"column":15},"end":{"line":114,"column":19}}},"12":{"name":"(anonymous_14)","decl":{"start":{"line":117,"column":13},"end":{"line":117,"column":16}},"loc":{"start":{"line":117,"column":19},"end":{"line":117,"column":24}}},"13":{"name":"(anonymous_15)","decl":{"start":{"line":117,"column":26},"end":{"line":117,"column":27}},"loc":{"start":{"line":117,"column":37},"end":{"line":117,"column":46}}},"14":{"name":"(anonymous_16)","decl":{"start":{"line":118,"column":9},"end":{"line":118,"column":12}},"loc":{"start":{"line":118,"column":15},"end":{"line":118,"column":20}}},"15":{"name":"(anonymous_17)","decl":{"start":{"line":121,"column":12},"end":{"line":121,"column":15}},"loc":{"start":{"line":121,"column":18},"end":{"line":121,"column":29}}},"16":{"name":"(anonymous_18)","decl":{"start":{"line":121,"column":31},"end":{"line":121,"column":32}},"loc":{"start":{"line":121,"column":48},"end":{"line":121,"column":62}}},"17":{"name":"(anonymous_19)","decl":{"start":{"line":122,"column":9},"end":{"line":122,"column":12}},"loc":{"start":{"line":122,"column":15},"end":{"line":122,"column":26}}}},"branchMap":{"0":{"loc":{"start":{"line":21,"column":12},"end":{"line":21,"column":null}},"type":"binary-expr","locations":[{"start":{"line":21,"column":12},"end":{"line":21,"column":18}},{"start":{"line":21,"column":18},"end":{"line":21,"column":null}}]},"1":{"loc":{"start":{"line":149,"column":20},"end":{"line":149,"column":34}},"type":"binary-expr","locations":[{"start":{"line":149,"column":20},"end":{"line":149,"column":28}},{"start":{"line":149,"column":32},"end":{"line":149,"column":34}}]},"2":{"loc":{"start":{"line":150,"column":20},"end":{"line":150,"column":34}},"type":"binary-expr","locations":[{"start":{"line":150,"column":20},"end":{"line":150,"column":28}},{"start":{"line":150,"column":32},"end":{"line":150,"column":34}}]},"3":{"loc":{"start":{"line":151,"column":20},"end":{"line":151,"column":34}},"type":"binary-expr","locations":[{"start":{"line":151,"column":20},"end":{"line":151,"column":28}},{"start":{"line":151,"column":32},"end":{"line":151,"column":34}}]}},"s":{"0":13,"1":13,"2":13,"3":13,"4":13,"5":13,"6":13,"7":13,"8":13,"9":13,"10":13,"11":13,"12":13,"13":144,"14":144,"15":144,"16":144,"17":144,"18":144,"19":144,"20":144,"21":144,"22":144,"23":144,"24":144,"25":144,"26":144,"27":144,"28":144,"29":144,"30":144,"31":144,"32":144,"33":144,"34":144,"35":144,"36":144,"37":0,"38":0,"39":0,"40":0,"41":13,"42":13,"43":0,"44":13,"45":13,"46":13,"47":13,"48":13,"49":13,"50":13,"51":13,"52":0,"53":13,"54":13,"55":13,"56":13,"57":13,"58":13,"59":0,"60":0,"61":0,"62":13,"63":0,"64":0,"65":0,"66":13,"67":0,"68":0,"69":0,"70":13,"71":0,"72":0,"73":0,"74":13,"75":13,"76":13},"f":{"0":13,"1":144,"2":0,"3":0,"4":0,"5":0,"6":0,"7":0,"8":0,"9":0,"10":0,"11":0,"12":0,"13":0,"14":0,"15":0,"16":0,"17":0},"b":{"0":[13,13],"1":[144,144],"2":[144,144],"3":[144,144]}}
,"C:\\Users\\Matteo\\Desktop\\WCS\\cdajs-2405-projet-coup-de-main-go\\backend\\src\\entities\\Chat.ts": {"path":"C:\\Users\\Matteo\\Desktop\\WCS\\cdajs-2405-projet-coup-de-main-go\\backend\\src\\entities\\Chat.ts","statementMap":{"0":{"start":{"line":1,"column":0},"end":{"line":1,"column":null}},"1":{"start":{"line":10,"column":0},"end":{"line":10,"column":53}},"2":{"start":{"line":11,"column":0},"end":{"line":11,"column":41}},"3":{"start":{"line":12,"column":0},"end":{"line":12,"column":30}},"4":{"start":{"line":13,"column":0},"end":{"line":13,"column":26}},"5":{"start":{"line":14,"column":0},"end":{"line":14,"column":36}},"6":{"start":{"line":18,"column":7},"end":{"line":61,"column":null}},"7":{"start":{"line":50,"column":8},"end":{"line":50,"column":16}},"8":{"start":{"line":51,"column":8},"end":{"line":51,"column":37}},"9":{"start":{"line":52,"column":8},"end":{"line":52,"column":43}},"10":{"start":{"line":53,"column":8},"end":{"line":53,"column":21}},"11":{"start":{"line":54,"column":8},"end":{"line":54,"column":33}},"12":{"start":{"line":59,"column":8},"end":{"line":59,"column":31}},"13":{"start":{"line":18,"column":13},"end":{"line":18,"column":17}},"14":{"start":{"line":21,"column":4},"end":{"line":21,"column":null}},"15":{"start":{"line":20,"column":21},"end":{"line":20,"column":23}},"16":{"start":{"line":26,"column":4},"end":{"line":26,"column":null}},"17":{"start":{"line":30,"column":4},"end":{"line":30,"column":null}},"18":{"start":{"line":28,"column":21},"end":{"line":28,"column":25}},"19":{"start":{"line":28,"column":37},"end":{"line":28,"column":55}},"20":{"start":{"line":29,"column":17},"end":{"line":29,"column":21}},"21":{"start":{"line":34,"column":4},"end":{"line":34,"column":null}},"22":{"start":{"line":32,"column":21},"end":{"line":32,"column":25}},"23":{"start":{"line":32,"column":37},"end":{"line":32,"column":58}},"24":{"start":{"line":33,"column":17},"end":{"line":33,"column":21}},"25":{"start":{"line":38,"column":4},"end":{"line":38,"column":null}},"26":{"start":{"line":36,"column":21},"end":{"line":36,"column":23}},"27":{"start":{"line":36,"column":33},"end":{"line":36,"column":41}},"28":{"start":{"line":37,"column":17},"end":{"line":37,"column":19}},"29":{"start":{"line":42,"column":4},"end":{"line":42,"column":null}},"30":{"start":{"line":40,"column":21},"end":{"line":40,"column":28}},"31":{"start":{"line":40,"column":43},"end":{"line":40,"column":55}},"32":{"start":{"line":41,"column":17},"end":{"line":41,"column":26}},"33":{"start":{"line":58,"column":4},"end":{"line":60,"column":null}},"34":{"start":{"line":18,"column":13},"end":{"line":61,"column":null}}},"fnMap":{"0":{"name":"(anonymous_2)","decl":{"start":{"line":44,"column":4},"end":{"line":44,"column":null}},"loc":{"start":{"line":48,"column":37},"end":{"line":55,"column":5}}},"1":{"name":"(anonymous_3)","decl":{"start":{"line":58,"column":4},"end":{"line":58,"column":18}},"loc":{"start":{"line":58,"column":18},"end":{"line":60,"column":5}}},"2":{"name":"(anonymous_4)","decl":{"start":{"line":20,"column":11},"end":{"line":20,"column":12}},"loc":{"start":{"line":20,"column":21},"end":{"line":20,"column":23}}},"3":{"name":"(anonymous_5)","decl":{"start":{"line":28,"column":15},"end":{"line":28,"column":18}},"loc":{"start":{"line":28,"column":21},"end":{"line":28,"column":25}}},"4":{"name":"(anonymous_6)","decl":{"start":{"line":28,"column":27},"end":{"line":28,"column":28}},"loc":{"start":{"line":28,"column":37},"end":{"line":28,"column":55}}},"5":{"name":"(anonymous_7)","decl":{"start":{"line":29,"column":11},"end":{"line":29,"column":14}},"loc":{"start":{"line":29,"column":17},"end":{"line":29,"column":21}}},"6":{"name":"(anonymous_8)","decl":{"start":{"line":32,"column":15},"end":{"line":32,"column":18}},"loc":{"start":{"line":32,"column":21},"end":{"line":32,"column":25}}},"7":{"name":"(anonymous_9)","decl":{"start":{"line":32,"column":27},"end":{"line":32,"column":28}},"loc":{"start":{"line":32,"column":37},"end":{"line":32,"column":58}}},"8":{"name":"(anonymous_10)","decl":{"start":{"line":33,"column":11},"end":{"line":33,"column":14}},"loc":{"start":{"line":33,"column":17},"end":{"line":33,"column":21}}},"9":{"name":"(anonymous_11)","decl":{"start":{"line":36,"column":15},"end":{"line":36,"column":18}},"loc":{"start":{"line":36,"column":21},"end":{"line":36,"column":23}}},"10":{"name":"(anonymous_12)","decl":{"start":{"line":36,"column":25},"end":{"line":36,"column":26}},"loc":{"start":{"line":36,"column":33},"end":{"line":36,"column":41}}},"11":{"name":"(anonymous_13)","decl":{"start":{"line":37,"column":11},"end":{"line":37,"column":14}},"loc":{"start":{"line":37,"column":17},"end":{"line":37,"column":19}}},"12":{"name":"(anonymous_14)","decl":{"start":{"line":40,"column":15},"end":{"line":40,"column":18}},"loc":{"start":{"line":40,"column":21},"end":{"line":40,"column":28}}},"13":{"name":"(anonymous_15)","decl":{"start":{"line":40,"column":30},"end":{"line":40,"column":31}},"loc":{"start":{"line":40,"column":43},"end":{"line":40,"column":55}}},"14":{"name":"(anonymous_16)","decl":{"start":{"line":41,"column":11},"end":{"line":41,"column":14}},"loc":{"start":{"line":41,"column":17},"end":{"line":41,"column":26}}}},"branchMap":{},"s":{"0":13,"1":13,"2":13,"3":13,"4":13,"5":13,"6":13,"7":15,"8":15,"9":15,"10":15,"11":15,"12":0,"13":13,"14":13,"15":0,"16":13,"17":13,"18":0,"19":0,"20":0,"21":13,"22":0,"23":0,"24":0,"25":13,"26":0,"27":0,"28":0,"29":13,"30":0,"31":0,"32":0,"33":13,"34":13},"f":{"0":15,"1":0,"2":0,"3":0,"4":0,"5":0,"6":0,"7":0,"8":0,"9":0,"10":0,"11":0,"12":0,"13":0,"14":0},"b":{}}
,"C:\\Users\\Matteo\\Desktop\\WCS\\cdajs-2405-projet-coup-de-main-go\\backend\\src\\entities\\Message.ts": {"path":"C:\\Users\\Matteo\\Desktop\\WCS\\cdajs-2405-projet-coup-de-main-go\\backend\\src\\entities\\Message.ts","statementMap":{"0":{"start":{"line":1,"column":0},"end":{"line":1,"column":null}},"1":{"start":{"line":9,"column":0},"end":{"line":9,"column":53}},"2":{"start":{"line":10,"column":0},"end":{"line":10,"column":49}},"3":{"start":{"line":11,"column":0},"end":{"line":11,"column":30}},"4":{"start":{"line":12,"column":0},"end":{"line":12,"column":30}},"5":{"start":{"line":16,"column":7},"end":{"line":57,"column":null}},"6":{"start":{"line":46,"column":8},"end":{"line":46,"column":16}},"7":{"start":{"line":26,"column":4},"end":{"line":26,"column":25}},"8":{"start":{"line":30,"column":4},"end":{"line":30,"column":28}},"9":{"start":{"line":47,"column":8},"end":{"line":47,"column":31}},"10":{"start":{"line":48,"column":8},"end":{"line":48,"column":29}},"11":{"start":{"line":49,"column":8},"end":{"line":49,"column":25}},"12":{"start":{"line":50,"column":8},"end":{"line":50,"column":29}},"13":{"start":{"line":55,"column":8},"end":{"line":55,"column":31}},"14":{"start":{"line":16,"column":13},"end":{"line":16,"column":20}},"15":{"start":{"line":19,"column":4},"end":{"line":19,"column":null}},"16":{"start":{"line":18,"column":21},"end":{"line":18,"column":23}},"17":{"start":{"line":26,"column":4},"end":{"line":26,"column":null}},"18":{"start":{"line":30,"column":4},"end":{"line":30,"column":null}},"19":{"start":{"line":35,"column":4},"end":{"line":35,"column":null}},"20":{"start":{"line":39,"column":4},"end":{"line":39,"column":null}},"21":{"start":{"line":37,"column":21},"end":{"line":37,"column":25}},"22":{"start":{"line":37,"column":37},"end":{"line":37,"column":50}},"23":{"start":{"line":38,"column":17},"end":{"line":38,"column":21}},"24":{"start":{"line":43,"column":4},"end":{"line":43,"column":null}},"25":{"start":{"line":41,"column":21},"end":{"line":41,"column":25}},"26":{"start":{"line":41,"column":37},"end":{"line":41,"column":50}},"27":{"start":{"line":42,"column":17},"end":{"line":42,"column":21}},"28":{"start":{"line":54,"column":4},"end":{"line":56,"column":null}},"29":{"start":{"line":16,"column":13},"end":{"line":57,"column":null}}},"fnMap":{"0":{"name":"(anonymous_2)","decl":{"start":{"line":45,"column":4},"end":{"line":45,"column":16}},"loc":{"start":{"line":45,"column":74},"end":{"line":51,"column":5}}},"1":{"name":"(anonymous_3)","decl":{"start":{"line":54,"column":4},"end":{"line":54,"column":18}},"loc":{"start":{"line":54,"column":18},"end":{"line":56,"column":5}}},"2":{"name":"(anonymous_4)","decl":{"start":{"line":18,"column":11},"end":{"line":18,"column":12}},"loc":{"start":{"line":18,"column":21},"end":{"line":18,"column":23}}},"3":{"name":"(anonymous_5)","decl":{"start":{"line":37,"column":15},"end":{"line":37,"column":18}},"loc":{"start":{"line":37,"column":21},"end":{"line":37,"column":25}}},"4":{"name":"(anonymous_6)","decl":{"start":{"line":37,"column":27},"end":{"line":37,"column":28}},"loc":{"start":{"line":37,"column":37},"end":{"line":37,"column":50}}},"5":{"name":"(anonymous_7)","decl":{"start":{"line":38,"column":11},"end":{"line":38,"column":14}},"loc":{"start":{"line":38,"column":17},"end":{"line":38,"column":21}}},"6":{"name":"(anonymous_8)","decl":{"start":{"line":41,"column":15},"end":{"line":41,"column":18}},"loc":{"start":{"line":41,"column":21},"end":{"line":41,"column":25}}},"7":{"name":"(anonymous_9)","decl":{"start":{"line":41,"column":27},"end":{"line":41,"column":28}},"loc":{"start":{"line":41,"column":37},"end":{"line":41,"column":50}}},"8":{"name":"(anonymous_10)","decl":{"start":{"line":42,"column":11},"end":{"line":42,"column":14}},"loc":{"start":{"line":42,"column":17},"end":{"line":42,"column":21}}}},"branchMap":{},"s":{"0":13,"1":13,"2":13,"3":13,"4":13,"5":13,"6":4,"7":4,"8":4,"9":4,"10":4,"11":4,"12":4,"13":0,"14":13,"15":13,"16":0,"17":13,"18":13,"19":13,"20":13,"21":0,"22":0,"23":0,"24":13,"25":0,"26":0,"27":0,"28":13,"29":13},"f":{"0":4,"1":0,"2":0,"3":0,"4":0,"5":0,"6":0,"7":0,"8":0},"b":{}}
,"C:\\Users\\Matteo\\Desktop\\WCS\\cdajs-2405-projet-coup-de-main-go\\backend\\src\\entities\\Review.ts": {"path":"C:\\Users\\Matteo\\Desktop\\WCS\\cdajs-2405-projet-coup-de-main-go\\backend\\src\\entities\\Review.ts","statementMap":{"0":{"start":{"line":1,"column":0},"end":{"line":1,"column":null}},"1":{"start":{"line":9,"column":0},"end":{"line":9,"column":53}},"2":{"start":{"line":10,"column":0},"end":{"line":10,"column":59}},"3":{"start":{"line":11,"column":0},"end":{"line":11,"column":30}},"4":{"start":{"line":15,"column":7},"end":{"line":74,"column":null}},"5":{"start":{"line":62,"column":8},"end":{"line":62,"column":16}},"6":{"start":{"line":25,"column":4},"end":{"line":25,"column":23}},"7":{"start":{"line":38,"column":4},"end":{"line":38,"column":23}},"8":{"start":{"line":63,"column":8},"end":{"line":63,"column":27}},"9":{"start":{"line":64,"column":8},"end":{"line":64,"column":31}},"10":{"start":{"line":65,"column":8},"end":{"line":65,"column":29}},"11":{"start":{"line":66,"column":8},"end":{"line":66,"column":37}},"12":{"start":{"line":67,"column":8},"end":{"line":67,"column":43}},"13":{"start":{"line":72,"column":8},"end":{"line":72,"column":31}},"14":{"start":{"line":15,"column":13},"end":{"line":15,"column":19}},"15":{"start":{"line":18,"column":4},"end":{"line":18,"column":null}},"16":{"start":{"line":17,"column":21},"end":{"line":17,"column":23}},"17":{"start":{"line":25,"column":4},"end":{"line":25,"column":null}},"18":{"start":{"line":32,"column":4},"end":{"line":32,"column":null}},"19":{"start":{"line":38,"column":4},"end":{"line":38,"column":null}},"20":{"start":{"line":43,"column":4},"end":{"line":43,"column":null}},"21":{"start":{"line":47,"column":4},"end":{"line":47,"column":null}},"22":{"start":{"line":45,"column":21},"end":{"line":45,"column":25}},"23":{"start":{"line":45,"column":37},"end":{"line":45,"column":57}},"24":{"start":{"line":46,"column":17},"end":{"line":46,"column":21}},"25":{"start":{"line":53,"column":4},"end":{"line":53,"column":null}},"26":{"start":{"line":49,"column":21},"end":{"line":49,"column":25}},"27":{"start":{"line":49,"column":37},"end":{"line":49,"column":60}},"28":{"start":{"line":52,"column":17},"end":{"line":52,"column":21}},"29":{"start":{"line":71,"column":4},"end":{"line":73,"column":null}},"30":{"start":{"line":15,"column":13},"end":{"line":74,"column":null}}},"fnMap":{"0":{"name":"(anonymous_2)","decl":{"start":{"line":55,"column":4},"end":{"line":55,"column":null}},"loc":{"start":{"line":60,"column":27},"end":{"line":68,"column":5}}},"1":{"name":"(anonymous_3)","decl":{"start":{"line":71,"column":4},"end":{"line":71,"column":18}},"loc":{"start":{"line":71,"column":18},"end":{"line":73,"column":5}}},"2":{"name":"(anonymous_4)","decl":{"start":{"line":17,"column":11},"end":{"line":17,"column":12}},"loc":{"start":{"line":17,"column":21},"end":{"line":17,"column":23}}},"3":{"name":"(anonymous_5)","decl":{"start":{"line":45,"column":15},"end":{"line":45,"column":18}},"loc":{"start":{"line":45,"column":21},"end":{"line":45,"column":25}}},"4":{"name":"(anonymous_6)","decl":{"start":{"line":45,"column":27},"end":{"line":45,"column":28}},"loc":{"start":{"line":45,"column":37},"end":{"line":45,"column":57}}},"5":{"name":"(anonymous_7)","decl":{"start":{"line":46,"column":11},"end":{"line":46,"column":14}},"loc":{"start":{"line":46,"column":17},"end":{"line":46,"column":21}}},"6":{"name":"(anonymous_8)","decl":{"start":{"line":49,"column":15},"end":{"line":49,"column":18}},"loc":{"start":{"line":49,"column":21},"end":{"line":49,"column":25}}},"7":{"name":"(anonymous_9)","decl":{"start":{"line":49,"column":27},"end":{"line":49,"column":28}},"loc":{"start":{"line":49,"column":37},"end":{"line":49,"column":60}}},"8":{"name":"(anonymous_10)","decl":{"start":{"line":52,"column":11},"end":{"line":52,"column":14}},"loc":{"start":{"line":52,"column":17},"end":{"line":52,"column":21}}}},"branchMap":{},"s":{"0":13,"1":13,"2":13,"3":13,"4":13,"5":4,"6":4,"7":4,"8":4,"9":4,"10":4,"11":4,"12":4,"13":0,"14":13,"15":13,"16":0,"17":13,"18":13,"19":13,"20":13,"21":13,"22":0,"23":0,"24":0,"25":13,"26":0,"27":0,"28":0,"29":13,"30":13},"f":{"0":4,"1":0,"2":0,"3":0,"4":0,"5":0,"6":0,"7":0,"8":0},"b":{}}
,"C:\\Users\\Matteo\\Desktop\\WCS\\cdajs-2405-projet-coup-de-main-go\\backend\\src\\entities\\Skill.ts": {"path":"C:\\Users\\Matteo\\Desktop\\WCS\\cdajs-2405-projet-coup-de-main-go\\backend\\src\\entities\\Skill.ts","statementMap":{"0":{"start":{"line":1,"column":0},"end":{"line":1,"column":null}},"1":{"start":{"line":9,"column":0},"end":{"line":9,"column":53}},"2":{"start":{"line":10,"column":0},"end":{"line":10,"column":41}},"3":{"start":{"line":11,"column":0},"end":{"line":11,"column":26}},"4":{"start":{"line":15,"column":7},"end":{"line":40,"column":null}},"5":{"start":{"line":36,"column":4},"end":{"line":36,"column":12}},"6":{"start":{"line":25,"column":2},"end":{"line":25,"column":20}},"7":{"start":{"line":29,"column":2},"end":{"line":29,"column":23}},"8":{"start":{"line":37,"column":4},"end":{"line":37,"column":21}},"9":{"start":{"line":38,"column":4},"end":{"line":38,"column":27}},"10":{"start":{"line":15,"column":13},"end":{"line":15,"column":18}},"11":{"start":{"line":18,"column":2},"end":{"line":18,"column":null}},"12":{"start":{"line":17,"column":19},"end":{"line":17,"column":21}},"13":{"start":{"line":25,"column":2},"end":{"line":25,"column":null}},"14":{"start":{"line":29,"column":2},"end":{"line":29,"column":null}},"15":{"start":{"line":33,"column":2},"end":{"line":33,"column":null}},"16":{"start":{"line":31,"column":19},"end":{"line":31,"column":21}},"17":{"start":{"line":31,"column":31},"end":{"line":31,"column":39}},"18":{"start":{"line":32,"column":15},"end":{"line":32,"column":17}},"19":{"start":{"line":15,"column":13},"end":{"line":40,"column":null}}},"fnMap":{"0":{"name":"(anonymous_2)","decl":{"start":{"line":35,"column":2},"end":{"line":35,"column":14}},"loc":{"start":{"line":35,"column":43},"end":{"line":39,"column":3}}},"1":{"name":"(anonymous_3)","decl":{"start":{"line":17,"column":9},"end":{"line":17,"column":10}},"loc":{"start":{"line":17,"column":19},"end":{"line":17,"column":21}}},"2":{"name":"(anonymous_4)","decl":{"start":{"line":31,"column":13},"end":{"line":31,"column":16}},"loc":{"start":{"line":31,"column":19},"end":{"line":31,"column":21}}},"3":{"name":"(anonymous_5)","decl":{"start":{"line":31,"column":23},"end":{"line":31,"column":24}},"loc":{"start":{"line":31,"column":31},"end":{"line":31,"column":39}}},"4":{"name":"(anonymous_6)","decl":{"start":{"line":32,"column":9},"end":{"line":32,"column":12}},"loc":{"start":{"line":32,"column":15},"end":{"line":32,"column":17}}}},"branchMap":{},"s":{"0":13,"1":13,"2":13,"3":13,"4":13,"5":42,"6":42,"7":42,"8":42,"9":42,"10":13,"11":13,"12":0,"13":13,"14":13,"15":13,"16":0,"17":0,"18":0,"19":13},"f":{"0":42,"1":0,"2":0,"3":0,"4":0},"b":{}}
,"C:\\Users\\Matteo\\Desktop\\WCS\\cdajs-2405-projet-coup-de-main-go\\backend\\src\\entities\\Transaction.ts": {"path":"C:\\Users\\Matteo\\Desktop\\WCS\\cdajs-2405-projet-coup-de-main-go\\backend\\src\\entities\\Transaction.ts","statementMap":{"0":{"start":{"line":1,"column":0},"end":{"line":1,"column":null}},"1":{"start":{"line":11,"column":0},"end":{"line":11,"column":53}},"2":{"start":{"line":12,"column":0},"end":{"line":12,"column":41}},"3":{"start":{"line":13,"column":0},"end":{"line":13,"column":26}},"4":{"start":{"line":14,"column":0},"end":{"line":14,"column":30}},"5":{"start":{"line":18,"column":7},"end":{"line":54,"column":null}},"6":{"start":{"line":44,"column":8},"end":{"line":44,"column":16}},"7":{"start":{"line":45,"column":8},"end":{"line":45,"column":21}},"8":{"start":{"line":46,"column":8},"end":{"line":46,"column":37}},"9":{"start":{"line":47,"column":8},"end":{"line":47,"column":43}},"10":{"start":{"line":52,"column":8},"end":{"line":52,"column":31}},"11":{"start":{"line":18,"column":13},"end":{"line":18,"column":24}},"12":{"start":{"line":21,"column":4},"end":{"line":21,"column":null}},"13":{"start":{"line":20,"column":21},"end":{"line":20,"column":23}},"14":{"start":{"line":26,"column":4},"end":{"line":26,"column":null}},"15":{"start":{"line":31,"column":4},"end":{"line":31,"column":null}},"16":{"start":{"line":28,"column":20},"end":{"line":28,"column":22}},"17":{"start":{"line":28,"column":32},"end":{"line":28,"column":46}},"18":{"start":{"line":29,"column":17},"end":{"line":29,"column":19}},"19":{"start":{"line":35,"column":4},"end":{"line":35,"column":null}},"20":{"start":{"line":33,"column":21},"end":{"line":33,"column":25}},"21":{"start":{"line":33,"column":37},"end":{"line":33,"column":62}},"22":{"start":{"line":34,"column":17},"end":{"line":34,"column":21}},"23":{"start":{"line":41,"column":4},"end":{"line":41,"column":null}},"24":{"start":{"line":37,"column":21},"end":{"line":37,"column":25}},"25":{"start":{"line":37,"column":37},"end":{"line":37,"column":65}},"26":{"start":{"line":40,"column":17},"end":{"line":40,"column":21}},"27":{"start":{"line":51,"column":4},"end":{"line":53,"column":null}},"28":{"start":{"line":18,"column":13},"end":{"line":54,"column":null}}},"fnMap":{"0":{"name":"(anonymous_2)","decl":{"start":{"line":43,"column":4},"end":{"line":43,"column":16}},"loc":{"start":{"line":43,"column":61},"end":{"line":48,"column":5}}},"1":{"name":"(anonymous_3)","decl":{"start":{"line":51,"column":4},"end":{"line":51,"column":18}},"loc":{"start":{"line":51,"column":18},"end":{"line":53,"column":5}}},"2":{"name":"(anonymous_4)","decl":{"start":{"line":20,"column":11},"end":{"line":20,"column":12}},"loc":{"start":{"line":20,"column":21},"end":{"line":20,"column":23}}},"3":{"name":"(anonymous_5)","decl":{"start":{"line":28,"column":14},"end":{"line":28,"column":17}},"loc":{"start":{"line":28,"column":20},"end":{"line":28,"column":22}}},"4":{"name":"(anonymous_6)","decl":{"start":{"line":28,"column":24},"end":{"line":28,"column":25}},"loc":{"start":{"line":28,"column":32},"end":{"line":28,"column":46}}},"5":{"name":"(anonymous_7)","decl":{"start":{"line":29,"column":11},"end":{"line":29,"column":14}},"loc":{"start":{"line":29,"column":17},"end":{"line":29,"column":19}}},"6":{"name":"(anonymous_8)","decl":{"start":{"line":33,"column":15},"end":{"line":33,"column":18}},"loc":{"start":{"line":33,"column":21},"end":{"line":33,"column":25}}},"7":{"name":"(anonymous_9)","decl":{"start":{"line":33,"column":27},"end":{"line":33,"column":28}},"loc":{"start":{"line":33,"column":37},"end":{"line":33,"column":62}}},"8":{"name":"(anonymous_10)","decl":{"start":{"line":34,"column":11},"end":{"line":34,"column":14}},"loc":{"start":{"line":34,"column":17},"end":{"line":34,"column":21}}},"9":{"name":"(anonymous_11)","decl":{"start":{"line":37,"column":15},"end":{"line":37,"column":18}},"loc":{"start":{"line":37,"column":21},"end":{"line":37,"column":25}}},"10":{"name":"(anonymous_12)","decl":{"start":{"line":37,"column":27},"end":{"line":37,"column":28}},"loc":{"start":{"line":37,"column":37},"end":{"line":37,"column":65}}},"11":{"name":"(anonymous_13)","decl":{"start":{"line":40,"column":11},"end":{"line":40,"column":14}},"loc":{"start":{"line":40,"column":17},"end":{"line":40,"column":21}}}},"branchMap":{},"s":{"0":13,"1":13,"2":13,"3":13,"4":13,"5":13,"6":7,"7":7,"8":7,"9":7,"10":0,"11":13,"12":13,"13":0,"14":13,"15":13,"16":0,"17":0,"18":0,"19":13,"20":0,"21":0,"22":0,"23":13,"24":0,"25":0,"26":0,"27":13,"28":13},"f":{"0":7,"1":0,"2":0,"3":0,"4":0,"5":0,"6":0,"7":0,"8":0,"9":0,"10":0,"11":0},"b":{}}
,"C:\\Users\\Matteo\\Desktop\\WCS\\cdajs-2405-projet-coup-de-main-go\\backend\\src\\entities\\User.ts": {"path":"C:\\Users\\Matteo\\Desktop\\WCS\\cdajs-2405-projet-coup-de-main-go\\backend\\src\\entities\\User.ts","statementMap":{"0":{"start":{"line":1,"column":0},"end":{"line":1,"column":null}},"1":{"start":{"line":11,"column":0},"end":{"line":11,"column":53}},"2":{"start":{"line":12,"column":0},"end":{"line":12,"column":58}},"3":{"start":{"line":13,"column":0},"end":{"line":13,"column":30}},"4":{"start":{"line":14,"column":0},"end":{"line":14,"column":36}},"5":{"start":{"line":15,"column":0},"end":{"line":15,"column":26}},"6":{"start":{"line":16,"column":0},"end":{"line":16,"column":44}},"7":{"start":{"line":17,"column":0},"end":{"line":17,"column":32}},"8":{"start":{"line":18,"column":0},"end":{"line":18,"column":34}},"9":{"start":{"line":22,"column":7},"end":{"line":165,"column":null}},"10":{"start":{"line":150,"column":4},"end":{"line":150,"column":12}},"11":{"start":{"line":32,"column":2},"end":{"line":32,"column":25}},"12":{"start":{"line":39,"column":2},"end":{"line":39,"column":24}},"13":{"start":{"line":44,"column":2},"end":{"line":44,"column":21}},"14":{"start":{"line":51,"column":2},"end":{"line":51,"column":24}},"15":{"start":{"line":78,"column":2},"end":{"line":78,"column":23}},"16":{"start":{"line":85,"column":2},"end":{"line":85,"column":23}},"17":{"start":{"line":92,"column":2},"end":{"line":92,"column":20}},"18":{"start":{"line":96,"column":2},"end":{"line":96,"column":27}},"19":{"start":{"line":151,"column":4},"end":{"line":151,"column":31}},"20":{"start":{"line":152,"column":4},"end":{"line":152,"column":29}},"21":{"start":{"line":153,"column":4},"end":{"line":153,"column":23}},"22":{"start":{"line":154,"column":4},"end":{"line":154,"column":29}},"23":{"start":{"line":155,"column":4},"end":{"line":155,"column":27}},"24":{"start":{"line":156,"column":4},"end":{"line":156,"column":27}},"25":{"start":{"line":157,"column":4},"end":{"line":157,"column":27}},"26":{"start":{"line":158,"column":4},"end":{"line":158,"column":21}},"27":{"start":{"line":163,"column":4},"end":{"line":163,"column":32}},"28":{"start":{"line":22,"column":13},"end":{"line":22,"column":17}},"29":{"start":{"line":25,"column":2},"end":{"line":25,"column":null}},"30":{"start":{"line":24,"column":19},"end":{"line":24,"column":21}},"31":{"start":{"line":32,"column":2},"end":{"line":32,"column":null}},"32":{"start":{"line":39,"column":2},"end":{"line":39,"column":null}},"33":{"start":{"line":44,"column":2},"end":{"line":44,"column":null}},"34":{"start":{"line":51,"column":2},"end":{"line":51,"column":null}},"35":{"start":{"line":58,"column":2},"end":{"line":58,"column":null}},"36":{"start":{"line":62,"column":2},"end":{"line":62,"column":null}},"37":{"start":{"line":67,"column":2},"end":{"line":67,"column":null}},"38":{"start":{"line":71,"column":2},"end":{"line":71,"column":null}},"39":{"start":{"line":78,"column":2},"end":{"line":78,"column":null}},"40":{"start":{"line":85,"column":2},"end":{"line":85,"column":null}},"41":{"start":{"line":92,"column":2},"end":{"line":92,"column":null}},"42":{"start":{"line":96,"column":2},"end":{"line":96,"column":null}},"43":{"start":{"line":101,"column":2},"end":{"line":101,"column":null}},"44":{"start":{"line":105,"column":2},"end":{"line":105,"column":null}},"45":{"start":{"line":103,"column":19},"end":{"line":103,"column":23}},"46":{"start":{"line":103,"column":35},"end":{"line":103,"column":50}},"47":{"start":{"line":104,"column":19},"end":{"line":104,"column":25}},"48":{"start":{"line":109,"column":2},"end":{"line":109,"column":null}},"49":{"start":{"line":107,"column":19},"end":{"line":107,"column":23}},"50":{"start":{"line":107,"column":35},"end":{"line":107,"column":53}},"51":{"start":{"line":108,"column":19},"end":{"line":108,"column":25}},"52":{"start":{"line":113,"column":2},"end":{"line":113,"column":null}},"53":{"start":{"line":111,"column":19},"end":{"line":111,"column":30}},"54":{"start":{"line":111,"column":49},"end":{"line":111,"column":71}},"55":{"start":{"line":112,"column":19},"end":{"line":112,"column":32}},"56":{"start":{"line":117,"column":2},"end":{"line":117,"column":null}},"57":{"start":{"line":115,"column":19},"end":{"line":115,"column":30}},"58":{"start":{"line":115,"column":49},"end":{"line":115,"column":74}},"59":{"start":{"line":116,"column":19},"end":{"line":116,"column":32}},"60":{"start":{"line":121,"column":2},"end":{"line":121,"column":null}},"61":{"start":{"line":119,"column":19},"end":{"line":119,"column":25}},"62":{"start":{"line":119,"column":39},"end":{"line":119,"column":59}},"63":{"start":{"line":120,"column":19},"end":{"line":120,"column":27}},"64":{"start":{"line":125,"column":2},"end":{"line":125,"column":null}},"65":{"start":{"line":123,"column":19},"end":{"line":123,"column":25}},"66":{"start":{"line":123,"column":39},"end":{"line":123,"column":56}},"67":{"start":{"line":124,"column":19},"end":{"line":124,"column":27}},"68":{"start":{"line":129,"column":2},"end":{"line":129,"column":null}},"69":{"start":{"line":127,"column":19},"end":{"line":127,"column":26}},"70":{"start":{"line":127,"column":41},"end":{"line":127,"column":55}},"71":{"start":{"line":128,"column":19},"end":{"line":128,"column":28}},"72":{"start":{"line":133,"column":2},"end":{"line":133,"column":null}},"73":{"start":{"line":131,"column":19},"end":{"line":131,"column":21}},"74":{"start":{"line":131,"column":31},"end":{"line":131,"column":47}},"75":{"start":{"line":132,"column":19},"end":{"line":132,"column":23}},"76":{"start":{"line":138,"column":2},"end":{"line":138,"column":null}},"77":{"start":{"line":135,"column":20},"end":{"line":135,"column":25}},"78":{"start":{"line":137,"column":15},"end":{"line":137,"column":22}},"79":{"start":{"line":162,"column":2},"end":{"line":164,"column":null}},"80":{"start":{"line":22,"column":13},"end":{"line":165,"column":null}}},"fnMap":{"0":{"name":"(anonymous_2)","decl":{"start":{"line":140,"column":2},"end":{"line":140,"column":null}},"loc":{"start":{"line":148,"column":16},"end":{"line":159,"column":3}}},"1":{"name":"(anonymous_3)","decl":{"start":{"line":162,"column":2},"end":{"line":162,"column":16}},"loc":{"start":{"line":162,"column":16},"end":{"line":164,"column":3}}},"2":{"name":"(anonymous_4)","decl":{"start":{"line":24,"column":9},"end":{"line":24,"column":10}},"loc":{"start":{"line":24,"column":19},"end":{"line":24,"column":21}}},"3":{"name":"(anonymous_5)","decl":{"start":{"line":103,"column":13},"end":{"line":103,"column":16}},"loc":{"start":{"line":103,"column":19},"end":{"line":103,"column":23}}},"4":{"name":"(anonymous_6)","decl":{"start":{"line":103,"column":25},"end":{"line":103,"column":26}},"loc":{"start":{"line":103,"column":35},"end":{"line":103,"column":50}}},"5":{"name":"(anonymous_7)","decl":{"start":{"line":104,"column":9},"end":{"line":104,"column":10}},"loc":{"start":{"line":104,"column":19},"end":{"line":104,"column":25}}},"6":{"name":"(anonymous_8)","decl":{"start":{"line":107,"column":13},"end":{"line":107,"column":16}},"loc":{"start":{"line":107,"column":19},"end":{"line":107,"column":23}}},"7":{"name":"(anonymous_9)","decl":{"start":{"line":107,"column":25},"end":{"line":107,"column":26}},"loc":{"start":{"line":107,"column":35},"end":{"line":107,"column":53}}},"8":{"name":"(anonymous_10)","decl":{"start":{"line":108,"column":9},"end":{"line":108,"column":10}},"loc":{"start":{"line":108,"column":19},"end":{"line":108,"column":25}}},"9":{"name":"(anonymous_11)","decl":{"start":{"line":111,"column":13},"end":{"line":111,"column":16}},"loc":{"start":{"line":111,"column":19},"end":{"line":111,"column":30}}},"10":{"name":"(anonymous_12)","decl":{"start":{"line":111,"column":32},"end":{"line":111,"column":33}},"loc":{"start":{"line":111,"column":49},"end":{"line":111,"column":71}}},"11":{"name":"(anonymous_13)","decl":{"start":{"line":112,"column":9},"end":{"line":112,"column":10}},"loc":{"start":{"line":112,"column":19},"end":{"line":112,"column":32}}},"12":{"name":"(anonymous_14)","decl":{"start":{"line":115,"column":13},"end":{"line":115,"column":16}},"loc":{"start":{"line":115,"column":19},"end":{"line":115,"column":30}}},"13":{"name":"(anonymous_15)","decl":{"start":{"line":115,"column":32},"end":{"line":115,"column":33}},"loc":{"start":{"line":115,"column":49},"end":{"line":115,"column":74}}},"14":{"name":"(anonymous_16)","decl":{"start":{"line":116,"column":9},"end":{"line":116,"column":10}},"loc":{"start":{"line":116,"column":19},"end":{"line":116,"column":32}}},"15":{"name":"(anonymous_17)","decl":{"start":{"line":119,"column":13},"end":{"line":119,"column":16}},"loc":{"start":{"line":119,"column":19},"end":{"line":119,"column":25}}},"16":{"name":"(anonymous_18)","decl":{"start":{"line":119,"column":27},"end":{"line":119,"column":28}},"loc":{"start":{"line":119,"column":39},"end":{"line":119,"column":59}}},"17":{"name":"(anonymous_19)","decl":{"start":{"line":120,"column":9},"end":{"line":120,"column":10}},"loc":{"start":{"line":120,"column":19},"end":{"line":120,"column":27}}},"18":{"name":"(anonymous_20)","decl":{"start":{"line":123,"column":13},"end":{"line":123,"column":16}},"loc":{"start":{"line":123,"column":19},"end":{"line":123,"column":25}}},"19":{"name":"(anonymous_21)","decl":{"start":{"line":123,"column":27},"end":{"line":123,"column":28}},"loc":{"start":{"line":123,"column":39},"end":{"line":123,"column":56}}},"20":{"name":"(anonymous_22)","decl":{"start":{"line":124,"column":9},"end":{"line":124,"column":10}},"loc":{"start":{"line":124,"column":19},"end":{"line":124,"column":27}}},"21":{"name":"(anonymous_23)","decl":{"start":{"line":127,"column":13},"end":{"line":127,"column":16}},"loc":{"start":{"line":127,"column":19},"end":{"line":127,"column":26}}},"22":{"name":"(anonymous_24)","decl":{"start":{"line":127,"column":28},"end":{"line":127,"column":29}},"loc":{"start":{"line":127,"column":41},"end":{"line":127,"column":55}}},"23":{"name":"(anonymous_25)","decl":{"start":{"line":128,"column":9},"end":{"line":128,"column":10}},"loc":{"start":{"line":128,"column":19},"end":{"line":128,"column":28}}},"24":{"name":"(anonymous_26)","decl":{"start":{"line":131,"column":13},"end":{"line":131,"column":16}},"loc":{"start":{"line":131,"column":19},"end":{"line":131,"column":21}}},"25":{"name":"(anonymous_27)","decl":{"start":{"line":131,"column":23},"end":{"line":131,"column":24}},"loc":{"start":{"line":131,"column":31},"end":{"line":131,"column":47}}},"26":{"name":"(anonymous_28)","decl":{"start":{"line":132,"column":9},"end":{"line":132,"column":10}},"loc":{"start":{"line":132,"column":19},"end":{"line":132,"column":23}}},"27":{"name":"(anonymous_29)","decl":{"start":{"line":135,"column":14},"end":{"line":135,"column":17}},"loc":{"start":{"line":135,"column":20},"end":{"line":135,"column":25}}},"28":{"name":"(anonymous_30)","decl":{"start":{"line":137,"column":9},"end":{"line":137,"column":12}},"loc":{"start":{"line":137,"column":15},"end":{"line":137,"column":22}}}},"branchMap":{},"s":{"0":13,"1":13,"2":13,"3":13,"4":13,"5":13,"6":13,"7":13,"8":13,"9":13,"10":164,"11":164,"12":164,"13":164,"14":164,"15":164,"16":164,"17":164,"18":164,"19":164,"20":164,"21":164,"22":164,"23":164,"24":164,"25":164,"26":164,"27":0,"28":13,"29":13,"30":0,"31":13,"32":13,"33":13,"34":13,"35":13,"36":13,"37":13,"38":13,"39":13,"40":13,"41":13,"42":13,"43":13,"44":13,"45":0,"46":0,"47":0,"48":13,"49":0,"50":0,"51":0,"52":13,"53":0,"54":0,"55":0,"56":13,"57":0,"58":0,"59":0,"60":13,"61":0,"62":0,"63":0,"64":13,"65":0,"66":0,"67":0,"68":13,"69":0,"70":0,"71":0,"72":13,"73":0,"74":0,"75":0,"76":13,"77":0,"78":0,"79":13,"80":13},"f":{"0":164,"1":0,"2":0,"3":0,"4":0,"5":0,"6":0,"7":0,"8":0,"9":0,"10":0,"11":0,"12":0,"13":0,"14":0,"15":0,"16":0,"17":0,"18":0,"19":0,"20":0,"21":0,"22":0,"23":0,"24":0,"25":0,"26":0,"27":0,"28":0},"b":{}}
,"C:\\Users\\Matteo\\Desktop\\WCS\\cdajs-2405-projet-coup-de-main-go\\backend\\src\\resolvers\\AdMutations.ts": {"path":"C:\\Users\\Matteo\\Desktop\\WCS\\cdajs-2405-projet-coup-de-main-go\\backend\\src\\resolvers\\AdMutations.ts","statementMap":{"0":{"start":{"line":1,"column":0},"end":{"line":1,"column":78}},"1":{"start":{"line":2,"column":0},"end":{"line":2,"column":60}},"2":{"start":{"line":3,"column":0},"end":{"line":3,"column":36}},"3":{"start":{"line":4,"column":0},"end":{"line":4,"column":40}},"4":{"start":{"line":5,"column":0},"end":{"line":5,"column":42}},"5":{"start":{"line":6,"column":0},"end":{"line":6,"column":43}},"6":{"start":{"line":7,"column":0},"end":{"line":7,"column":54}},"7":{"start":{"line":10,"column":7},"end":{"line":66,"column":null}},"8":{"start":{"line":10,"column":13},"end":{"line":10,"column":20}},"9":{"start":{"line":15,"column":2},"end":{"line":15,"column":null}},"10":{"start":{"line":21,"column":2},"end":{"line":21,"column":null}},"11":{"start":{"line":27,"column":2},"end":{"line":27,"column":null}},"12":{"start":{"line":33,"column":2},"end":{"line":33,"column":null}},"13":{"start":{"line":39,"column":2},"end":{"line":39,"column":null}},"14":{"start":{"line":43,"column":2},"end":{"line":43,"column":null}},"15":{"start":{"line":41,"column":15},"end":{"line":41,"column":18}},"16":{"start":{"line":47,"column":2},"end":{"line":47,"column":null}},"17":{"start":{"line":45,"column":15},"end":{"line":45,"column":18}},"18":{"start":{"line":51,"column":2},"end":{"line":51,"column":null}},"19":{"start":{"line":55,"column":2},"end":{"line":55,"column":null}},"20":{"start":{"line":59,"column":2},"end":{"line":59,"column":null}},"21":{"start":{"line":62,"column":2},"end":{"line":62,"column":null}},"22":{"start":{"line":65,"column":2},"end":{"line":65,"column":null}},"23":{"start":{"line":10,"column":13},"end":{"line":66,"column":null}},"24":{"start":{"line":69,"column":7},"end":{"line":187,"column":null}},"25":{"start":{"line":74,"column":26},"end":{"line":76,"column":6}},"26":{"start":{"line":77,"column":4},"end":{"line":79,"column":5}},"27":{"start":{"line":78,"column":6},"end":{"line":78,"column":40}},"28":{"start":{"line":82,"column":18},"end":{"line":84,"column":6}},"29":{"start":{"line":85,"column":4},"end":{"line":87,"column":5}},"30":{"start":{"line":86,"column":6},"end":{"line":86,"column":37}},"31":{"start":{"line":89,"column":4},"end":{"line":102,"column":5}},"32":{"start":{"line":91,"column":17},"end":{"line":95,"column":8}},"33":{"start":{"line":97,"column":6},"end":{"line":97,"column":22}},"34":{"start":{"line":98,"column":6},"end":{"line":98,"column":16}},"35":{"start":{"line":100,"column":6},"end":{"line":100,"column":27}},"36":{"start":{"line":101,"column":6},"end":{"line":101,"column":45}},"37":{"start":{"line":112,"column":15},"end":{"line":112,"column":61}},"38":{"start":{"line":113,"column":4},"end":{"line":115,"column":5}},"39":{"start":{"line":114,"column":6},"end":{"line":114,"column":38}},"40":{"start":{"line":118,"column":26},"end":{"line":120,"column":6}},"41":{"start":{"line":121,"column":4},"end":{"line":123,"column":5}},"42":{"start":{"line":122,"column":6},"end":{"line":122,"column":40}},"43":{"start":{"line":126,"column":18},"end":{"line":128,"column":6}},"44":{"start":{"line":129,"column":4},"end":{"line":131,"column":5}},"45":{"start":{"line":130,"column":6},"end":{"line":130,"column":41}},"46":{"start":{"line":133,"column":4},"end":{"line":142,"column":5}},"47":{"start":{"line":135,"column":6},"end":{"line":135,"column":61}},"48":{"start":{"line":137,"column":6},"end":{"line":137,"column":22}},"49":{"start":{"line":138,"column":6},"end":{"line":138,"column":16}},"50":{"start":{"line":140,"column":6},"end":{"line":140,"column":27}},"51":{"start":{"line":141,"column":6},"end":{"line":141,"column":45}},"52":{"start":{"line":148,"column":4},"end":{"line":185,"column":7}},"53":{"start":{"line":150,"column":17},"end":{"line":152,"column":8}},"54":{"start":{"line":154,"column":6},"end":{"line":156,"column":7}},"55":{"start":{"line":155,"column":8},"end":{"line":155,"column":40}},"56":{"start":{"line":158,"column":36},"end":{"line":162,"column":null}},"57":{"start":{"line":165,"column":6},"end":{"line":167,"column":7}},"58":{"start":{"line":166,"column":8},"end":{"line":166,"column":61}},"59":{"start":{"line":169,"column":6},"end":{"line":184,"column":7}},"60":{"start":{"line":171,"column":8},"end":{"line":177,"column":9}},"61":{"start":{"line":172,"column":24},"end":{"line":172,"column":38}},"62":{"start":{"line":173,"column":10},"end":{"line":176,"column":11}},"63":{"start":{"line":174,"column":12},"end":{"line":174,"column":34}},"64":{"start":{"line":175,"column":12},"end":{"line":175,"column":56}},"65":{"start":{"line":179,"column":8},"end":{"line":179,"column":52}},"66":{"start":{"line":180,"column":8},"end":{"line":180,"column":20}},"67":{"start":{"line":182,"column":8},"end":{"line":182,"column":29}},"68":{"start":{"line":183,"column":8},"end":{"line":183,"column":21}},"69":{"start":{"line":69,"column":13},"end":{"line":69,"column":24}},"70":{"start":{"line":72,"column":8},"end":{"line":103,"column":null}},"71":{"start":{"line":71,"column":18},"end":{"line":71,"column":20}},"72":{"start":{"line":107,"column":8},"end":{"line":143,"column":null}},"73":{"start":{"line":106,"column":18},"end":{"line":106,"column":20}},"74":{"start":{"line":147,"column":8},"end":{"line":186,"column":null}},"75":{"start":{"line":146,"column":19},"end":{"line":146,"column":26}},"76":{"start":{"line":69,"column":13},"end":{"line":187,"column":null}}},"fnMap":{"0":{"name":"(anonymous_4)","decl":{"start":{"line":41,"column":9},"end":{"line":41,"column":12}},"loc":{"start":{"line":41,"column":15},"end":{"line":41,"column":18}}},"1":{"name":"(anonymous_5)","decl":{"start":{"line":45,"column":9},"end":{"line":45,"column":12}},"loc":{"start":{"line":45,"column":15},"end":{"line":45,"column":18}}},"2":{"name":"(anonymous_6)","decl":{"start":{"line":72,"column":2},"end":{"line":72,"column":7}},"loc":{"start":{"line":72,"column":47},"end":{"line":103,"column":3}}},"3":{"name":"(anonymous_7)","decl":{"start":{"line":107,"column":2},"end":{"line":107,"column":7}},"loc":{"start":{"line":109,"column":34},"end":{"line":143,"column":3}}},"4":{"name":"(anonymous_8)","decl":{"start":{"line":147,"column":2},"end":{"line":147,"column":7}},"loc":{"start":{"line":147,"column":38},"end":{"line":186,"column":3}}},"5":{"name":"(anonymous_9)","decl":{"start":{"line":148,"column":40},"end":{"line":148,"column":45}},"loc":{"start":{"line":148,"column":77},"end":{"line":185,"column":5}}},"6":{"name":"(anonymous_10)","decl":{"start":{"line":71,"column":12},"end":{"line":71,"column":15}},"loc":{"start":{"line":71,"column":18},"end":{"line":71,"column":20}}},"7":{"name":"(anonymous_11)","decl":{"start":{"line":106,"column":12},"end":{"line":106,"column":15}},"loc":{"start":{"line":106,"column":18},"end":{"line":106,"column":20}}},"8":{"name":"(anonymous_12)","decl":{"start":{"line":146,"column":12},"end":{"line":146,"column":13}},"loc":{"start":{"line":146,"column":19},"end":{"line":146,"column":26}}}},"branchMap":{"0":{"loc":{"start":{"line":77,"column":4},"end":{"line":79,"column":5}},"type":"if","locations":[{"start":{"line":77,"column":4},"end":{"line":79,"column":5}}]},"1":{"loc":{"start":{"line":85,"column":4},"end":{"line":87,"column":5}},"type":"if","locations":[{"start":{"line":85,"column":4},"end":{"line":87,"column":5}}]},"2":{"loc":{"start":{"line":113,"column":4},"end":{"line":115,"column":5}},"type":"if","locations":[{"start":{"line":113,"column":4},"end":{"line":115,"column":5}}]},"3":{"loc":{"start":{"line":121,"column":4},"end":{"line":123,"column":5}},"type":"if","locations":[{"start":{"line":121,"column":4},"end":{"line":123,"column":5}}]},"4":{"loc":{"start":{"line":129,"column":4},"end":{"line":131,"column":5}},"type":"if","locations":[{"start":{"line":129,"column":4},"end":{"line":131,"column":5}}]},"5":{"loc":{"start":{"line":154,"column":6},"end":{"line":156,"column":7}},"type":"if","locations":[{"start":{"line":154,"column":6},"end":{"line":156,"column":7}}]},"6":{"loc":{"start":{"line":165,"column":6},"end":{"line":167,"column":7}},"type":"if","locations":[{"start":{"line":165,"column":6},"end":{"line":167,"column":7}}]},"7":{"loc":{"start":{"line":171,"column":8},"end":{"line":177,"column":9}},"type":"if","locations":[{"start":{"line":171,"column":8},"end":{"line":177,"column":9}}]}},"s":{"0":1,"1":1,"2":1,"3":1,"4":1,"5":1,"6":1,"7":1,"8":1,"9":1,"10":1,"11":1,"12":1,"13":1,"14":1,"15":0,"16":1,"17":0,"18":1,"19":1,"20":1,"21":1,"22":1,"23":1,"24":1,"25":0,"26":0,"27":0,"28":0,"29":0,"30":0,"31":0,"32":0,"33":0,"34":0,"35":0,"36":0,"37":0,"38":0,"39":0,"40":0,"41":0,"42":0,"43":0,"44":0,"45":0,"46":0,"47":0,"48":0,"49":0,"50":0,"51":0,"52":3,"53":3,"54":3,"55":1,"56":2,"57":2,"58":1,"59":1,"60":1,"61":0,"62":0,"63":0,"64":0,"65":1,"66":1,"67":0,"68":0,"69":1,"70":1,"71":0,"72":1,"73":0,"74":1,"75":0,"76":1},"f":{"0":0,"1":0,"2":0,"3":0,"4":3,"5":3,"6":0,"7":0,"8":0},"b":{"0":[0],"1":[0],"2":[0],"3":[0],"4":[0],"5":[1],"6":[1],"7":[0]}}
,"C:\\Users\\Matteo\\Desktop\\WCS\\cdajs-2405-projet-coup-de-main-go\\backend\\src\\resolvers\\AdQueries.ts": {"path":"C:\\Users\\Matteo\\Desktop\\WCS\\cdajs-2405-projet-coup-de-main-go\\backend\\src\\resolvers\\AdQueries.ts","statementMap":{"0":{"start":{"line":1,"column":0},"end":{"line":1,"column":64}},"1":{"start":{"line":2,"column":0},"end":{"line":2,"column":36}},"2":{"start":{"line":3,"column":0},"end":{"line":3,"column":43}},"3":{"start":{"line":6,"column":7},"end":{"line":65,"column":null}},"4":{"start":{"line":17,"column":18},"end":{"line":17,"column":71}},"5":{"start":{"line":18,"column":19},"end":{"line":18,"column":37}},"6":{"start":{"line":21,"column":4},"end":{"line":23,"column":5}},"7":{"start":{"line":22,"column":6},"end":{"line":22,"column":59}},"8":{"start":{"line":25,"column":4},"end":{"line":27,"column":5}},"9":{"start":{"line":26,"column":6},"end":{"line":26,"column":78}},"10":{"start":{"line":29,"column":4},"end":{"line":31,"column":5}},"11":{"start":{"line":30,"column":6},"end":{"line":30,"column":78}},"12":{"start":{"line":34,"column":4},"end":{"line":34,"column":35}},"13":{"start":{"line":37,"column":4},"end":{"line":37,"column":33}},"14":{"start":{"line":42,"column":26},"end":{"line":44,"column":6}},"15":{"start":{"line":46,"column":4},"end":{"line":48,"column":5}},"16":{"start":{"line":47,"column":6},"end":{"line":47,"column":61}},"17":{"start":{"line":50,"column":4},"end":{"line":50,"column":14}},"18":{"start":{"line":55,"column":22},"end":{"line":57,"column":6}},"19":{"start":{"line":59,"column":4},"end":{"line":61,"column":5}},"20":{"start":{"line":60,"column":6},"end":{"line":60,"column":77}},"21":{"start":{"line":63,"column":4},"end":{"line":63,"column":15}},"22":{"start":{"line":6,"column":13},"end":{"line":6,"column":22}},"23":{"start":{"line":8,"column":8},"end":{"line":38,"column":null}},"24":{"start":{"line":7,"column":15},"end":{"line":7,"column":19}},"25":{"start":{"line":9,"column":26},"end":{"line":9,"column":32}},"26":{"start":{"line":10,"column":33},"end":{"line":10,"column":36}},"27":{"start":{"line":12,"column":33},"end":{"line":12,"column":36}},"28":{"start":{"line":14,"column":23},"end":{"line":14,"column":26}},"29":{"start":{"line":15,"column":24},"end":{"line":15,"column":27}},"30":{"start":{"line":41,"column":8},"end":{"line":51,"column":null}},"31":{"start":{"line":40,"column":15},"end":{"line":40,"column":17}},"32":{"start":{"line":54,"column":8},"end":{"line":64,"column":null}},"33":{"start":{"line":53,"column":15},"end":{"line":53,"column":19}},"34":{"start":{"line":6,"column":13},"end":{"line":65,"column":null}}},"fnMap":{"0":{"name":"(anonymous_4)","decl":{"start":{"line":8,"column":2},"end":{"line":8,"column":7}},"loc":{"start":{"line":15,"column":69},"end":{"line":38,"column":3}}},"1":{"name":"(anonymous_5)","decl":{"start":{"line":41,"column":2},"end":{"line":41,"column":7}},"loc":{"start":{"line":41,"column":39},"end":{"line":51,"column":3}}},"2":{"name":"(anonymous_6)","decl":{"start":{"line":54,"column":2},"end":{"line":54,"column":7}},"loc":{"start":{"line":54,"column":50},"end":{"line":64,"column":3}}},"3":{"name":"(anonymous_7)","decl":{"start":{"line":7,"column":9},"end":{"line":7,"column":12}},"loc":{"start":{"line":7,"column":15},"end":{"line":7,"column":19}}},"4":{"name":"(anonymous_8)","decl":{"start":{"line":9,"column":20},"end":{"line":9,"column":23}},"loc":{"start":{"line":9,"column":26},"end":{"line":9,"column":32}}},"5":{"name":"(anonymous_9)","decl":{"start":{"line":10,"column":27},"end":{"line":10,"column":30}},"loc":{"start":{"line":10,"column":33},"end":{"line":10,"column":36}}},"6":{"name":"(anonymous_10)","decl":{"start":{"line":12,"column":27},"end":{"line":12,"column":30}},"loc":{"start":{"line":12,"column":33},"end":{"line":12,"column":36}}},"7":{"name":"(anonymous_11)","decl":{"start":{"line":14,"column":17},"end":{"line":14,"column":20}},"loc":{"start":{"line":14,"column":23},"end":{"line":14,"column":26}}},"8":{"name":"(anonymous_12)","decl":{"start":{"line":15,"column":18},"end":{"line":15,"column":21}},"loc":{"start":{"line":15,"column":24},"end":{"line":15,"column":27}}},"9":{"name":"(anonymous_13)","decl":{"start":{"line":40,"column":9},"end":{"line":40,"column":12}},"loc":{"start":{"line":40,"column":15},"end":{"line":40,"column":17}}},"10":{"name":"(anonymous_14)","decl":{"start":{"line":53,"column":9},"end":{"line":53,"column":12}},"loc":{"start":{"line":53,"column":15},"end":{"line":53,"column":19}}}},"branchMap":{"0":{"loc":{"start":{"line":14,"column":49},"end":{"line":14,"column":65}},"type":"default-arg","locations":[{"start":{"line":14,"column":64},"end":{"line":14,"column":65}}]},"1":{"loc":{"start":{"line":15,"column":51},"end":{"line":15,"column":69}},"type":"default-arg","locations":[{"start":{"line":15,"column":67},"end":{"line":15,"column":69}}]},"2":{"loc":{"start":{"line":21,"column":4},"end":{"line":23,"column":5}},"type":"if","locations":[{"start":{"line":21,"column":4},"end":{"line":23,"column":5}}]},"3":{"loc":{"start":{"line":25,"column":4},"end":{"line":27,"column":5}},"type":"if","locations":[{"start":{"line":25,"column":4},"end":{"line":27,"column":5}}]},"4":{"loc":{"start":{"line":29,"column":4},"end":{"line":31,"column":5}},"type":"if","locations":[{"start":{"line":29,"column":4},"end":{"line":31,"column":5}}]},"5":{"loc":{"start":{"line":46,"column":4},"end":{"line":48,"column":5}},"type":"if","locations":[{"start":{"line":46,"column":4},"end":{"line":48,"column":5}}]},"6":{"loc":{"start":{"line":59,"column":4},"end":{"line":61,"column":5}},"type":"if","locations":[{"start":{"line":59,"column":4},"end":{"line":61,"column":5}}]}},"s":{"0":1,"1":1,"2":1,"3":1,"4":8,"5":8,"6":8,"7":1,"8":8,"9":1,"10":8,"11":1,"12":8,"13":8,"14":2,"15":2,"16":1,"17":1,"18":0,"19":0,"20":0,"21":0,"22":1,"23":1,"24":0,"25":0,"26":0,"27":0,"28":0,"29":0,"30":1,"31":0,"32":1,"33":0,"34":1},"f":{"0":8,"1":2,"2":0,"3":0,"4":0,"5":0,"6":0,"7":0,"8":0,"9":0,"10":0},"b":{"0":[7],"1":[7],"2":[1],"3":[1],"4":[1],"5":[1],"6":[0]}}
,"C:\\Users\\Matteo\\Desktop\\WCS\\cdajs-2405-projet-coup-de-main-go\\backend\\src\\resolvers\\ChatMutations.ts": {"path":"C:\\Users\\Matteo\\Desktop\\WCS\\cdajs-2405-projet-coup-de-main-go\\backend\\src\\resolvers\\ChatMutations.ts","statementMap":{"0":{"start":{"line":1,"column":0},"end":{"line":1,"column":73}},"1":{"start":{"line":2,"column":0},"end":{"line":2,"column":40}},"2":{"start":{"line":3,"column":0},"end":{"line":3,"column":36}},"3":{"start":{"line":4,"column":0},"end":{"line":4,"column":40}},"4":{"start":{"line":5,"column":0},"end":{"line":5,"column":43}},"5":{"start":{"line":8,"column":7},"end":{"line":17,"column":null}},"6":{"start":{"line":8,"column":13},"end":{"line":8,"column":22}},"7":{"start":{"line":10,"column":2},"end":{"line":10,"column":null}},"8":{"start":{"line":13,"column":2},"end":{"line":13,"column":null}},"9":{"start":{"line":16,"column":2},"end":{"line":16,"column":null}},"10":{"start":{"line":8,"column":13},"end":{"line":17,"column":null}},"11":{"start":{"line":20,"column":7},"end":{"line":93,"column":null}},"12":{"start":{"line":24,"column":4},"end":{"line":28,"column":5}},"13":{"start":{"line":25,"column":6},"end":{"line":27,"column":8}},"14":{"start":{"line":31,"column":26},"end":{"line":33,"column":6}},"15":{"start":{"line":35,"column":4},"end":{"line":37,"column":5}},"16":{"start":{"line":36,"column":6},"end":{"line":36,"column":72}},"17":{"start":{"line":40,"column":23},"end":{"line":42,"column":6}},"18":{"start":{"line":44,"column":4},"end":{"line":46,"column":5}},"19":{"start":{"line":45,"column":6},"end":{"line":45,"column":69}},"20":{"start":{"line":49,"column":15},"end":{"line":54,"column":6}},"21":{"start":{"line":56,"column":4},"end":{"line":60,"column":5}},"22":{"start":{"line":57,"column":6},"end":{"line":59,"column":8}},"23":{"start":{"line":63,"column":25},"end":{"line":69,"column":6}},"24":{"start":{"line":71,"column":4},"end":{"line":75,"column":5}},"25":{"start":{"line":72,"column":6},"end":{"line":74,"column":8}},"26":{"start":{"line":77,"column":4},"end":{"line":91,"column":5}},"27":{"start":{"line":78,"column":19},"end":{"line":82,"column":8}},"28":{"start":{"line":84,"column":6},"end":{"line":84,"column":42}},"29":{"start":{"line":85,"column":6},"end":{"line":85,"column":18}},"30":{"start":{"line":87,"column":6},"end":{"line":87,"column":77}},"31":{"start":{"line":88,"column":6},"end":{"line":90,"column":8}},"32":{"start":{"line":20,"column":13},"end":{"line":20,"column":26}},"33":{"start":{"line":22,"column":8},"end":{"line":92,"column":null}},"34":{"start":{"line":21,"column":18},"end":{"line":21,"column":22}},"35":{"start":{"line":20,"column":13},"end":{"line":93,"column":null}}},"fnMap":{"0":{"name":"(anonymous_4)","decl":{"start":{"line":22,"column":2},"end":{"line":22,"column":7}},"loc":{"start":{"line":22,"column":55},"end":{"line":92,"column":3}}},"1":{"name":"(anonymous_5)","decl":{"start":{"line":21,"column":12},"end":{"line":21,"column":15}},"loc":{"start":{"line":21,"column":18},"end":{"line":21,"column":22}}}},"branchMap":{"0":{"loc":{"start":{"line":24,"column":4},"end":{"line":28,"column":5}},"type":"if","locations":[{"start":{"line":24,"column":4},"end":{"line":28,"column":5}}]},"1":{"loc":{"start":{"line":35,"column":4},"end":{"line":37,"column":5}},"type":"if","locations":[{"start":{"line":35,"column":4},"end":{"line":37,"column":5}}]},"2":{"loc":{"start":{"line":44,"column":4},"end":{"line":46,"column":5}},"type":"if","locations":[{"start":{"line":44,"column":4},"end":{"line":46,"column":5}}]},"3":{"loc":{"start":{"line":56,"column":4},"end":{"line":60,"column":5}},"type":"if","locations":[{"start":{"line":56,"column":4},"end":{"line":60,"column":5}}]},"4":{"loc":{"start":{"line":71,"column":4},"end":{"line":75,"column":5}},"type":"if","locations":[{"start":{"line":71,"column":4},"end":{"line":75,"column":5}}]}},"s":{"0":1,"1":1,"2":1,"3":1,"4":1,"5":1,"6":1,"7":1,"8":1,"9":1,"10":1,"11":1,"12":5,"13":1,"14":4,"15":4,"16":1,"17":3,"18":3,"19":0,"20":3,"21":3,"22":1,"23":2,"24":2,"25":1,"26":1,"27":1,"28":1,"29":1,"30":0,"31":0,"32":1,"33":1,"34":0,"35":1},"f":{"0":5,"1":0},"b":{"0":[1],"1":[1],"2":[0],"3":[1],"4":[1]}}
,"C:\\Users\\Matteo\\Desktop\\WCS\\cdajs-2405-projet-coup-de-main-go\\backend\\src\\resolvers\\ChatQueries.ts": {"path":"C:\\Users\\Matteo\\Desktop\\WCS\\cdajs-2405-projet-coup-de-main-go\\backend\\src\\resolvers\\ChatQueries.ts","statementMap":{"0":{"start":{"line":1,"column":0},"end":{"line":1,"column":52}},"1":{"start":{"line":2,"column":0},"end":{"line":2,"column":40}},"2":{"start":{"line":3,"column":0},"end":{"line":3,"column":40}},"3":{"start":{"line":4,"column":0},"end":{"line":4,"column":43}},"4":{"start":{"line":7,"column":7},"end":{"line":31,"column":null}},"5":{"start":{"line":13,"column":21},"end":{"line":15,"column":10}},"6":{"start":{"line":17,"column":8},"end":{"line":19,"column":9}},"7":{"start":{"line":18,"column":12},"end":{"line":18,"column":68}},"8":{"start":{"line":22,"column":22},"end":{"line":27,"column":10}},"9":{"start":{"line":29,"column":8},"end":{"line":29,"column":21}},"10":{"start":{"line":7,"column":13},"end":{"line":7,"column":24}},"11":{"start":{"line":9,"column":10},"end":{"line":30,"column":null}},"12":{"start":{"line":8,"column":17},"end":{"line":8,"column":23}},"13":{"start":{"line":7,"column":13},"end":{"line":31,"column":null}}},"fnMap":{"0":{"name":"(anonymous_4)","decl":{"start":{"line":9,"column":4},"end":{"line":9,"column":9}},"loc":{"start":{"line":10,"column":37},"end":{"line":30,"column":5}}},"1":{"name":"(anonymous_5)","decl":{"start":{"line":8,"column":11},"end":{"line":8,"column":14}},"loc":{"start":{"line":8,"column":17},"end":{"line":8,"column":23}}}},"branchMap":{"0":{"loc":{"start":{"line":17,"column":8},"end":{"line":19,"column":9}},"type":"if","locations":[{"start":{"line":17,"column":8},"end":{"line":19,"column":9}}]}},"s":{"0":1,"1":1,"2":1,"3":1,"4":1,"5":5,"6":5,"7":1,"8":4,"9":4,"10":1,"11":1,"12":0,"13":1},"f":{"0":5,"1":0},"b":{"0":[1]}}
,"C:\\Users\\Matteo\\Desktop\\WCS\\cdajs-2405-projet-coup-de-main-go\\backend\\src\\resolvers\\MessageMutations.ts": {"path":"C:\\Users\\Matteo\\Desktop\\WCS\\cdajs-2405-projet-coup-de-main-go\\backend\\src\\resolvers\\MessageMutations.ts","statementMap":{"0":{"start":{"line":1,"column":0},"end":{"line":1,"column":73}},"1":{"start":{"line":2,"column":0},"end":{"line":2,"column":46}},"2":{"start":{"line":3,"column":0},"end":{"line":3,"column":40}},"3":{"start":{"line":4,"column":0},"end":{"line":4,"column":40}},"4":{"start":{"line":5,"column":0},"end":{"line":5,"column":43}},"5":{"start":{"line":8,"column":7},"end":{"line":20,"column":null}},"6":{"start":{"line":8,"column":13},"end":{"line":8,"column":25}},"7":{"start":{"line":10,"column":4},"end":{"line":10,"column":null}},"8":{"start":{"line":13,"column":4},"end":{"line":13,"column":null}},"9":{"start":{"line":16,"column":4},"end":{"line":16,"column":null}},"10":{"start":{"line":19,"column":4},"end":{"line":19,"column":null}},"11":{"start":{"line":8,"column":13},"end":{"line":20,"column":null}},"12":{"start":{"line":23,"column":7},"end":{"line":76,"column":null}},"13":{"start":{"line":29,"column":21},"end":{"line":31,"column":10}},"14":{"start":{"line":33,"column":8},"end":{"line":35,"column":9}},"15":{"start":{"line":34,"column":12},"end":{"line":34,"column":62}},"16":{"start":{"line":38,"column":23},"end":{"line":40,"column":10}},"17":{"start":{"line":42,"column":8},"end":{"line":44,"column":9}},"18":{"start":{"line":43,"column":12},"end":{"line":43,"column":68}},"19":{"start":{"line":47,"column":8},"end":{"line":54,"column":9}},"20":{"start":{"line":51,"column":12},"end":{"line":53,"column":14}},"21":{"start":{"line":56,"column":8},"end":{"line":74,"column":9}},"22":{"start":{"line":57,"column":28},"end":{"line":62,"column":14}},"23":{"start":{"line":64,"column":12},"end":{"line":64,"column":51}},"24":{"start":{"line":65,"column":12},"end":{"line":65,"column":27}},"25":{"start":{"line":67,"column":12},"end":{"line":70,"column":14}},"26":{"start":{"line":71,"column":12},"end":{"line":73,"column":14}},"27":{"start":{"line":23,"column":13},"end":{"line":23,"column":29}},"28":{"start":{"line":25,"column":10},"end":{"line":75,"column":null}},"29":{"start":{"line":24,"column":20},"end":{"line":24,"column":27}},"30":{"start":{"line":23,"column":13},"end":{"line":76,"column":null}}},"fnMap":{"0":{"name":"(anonymous_4)","decl":{"start":{"line":25,"column":4},"end":{"line":25,"column":9}},"loc":{"start":{"line":26,"column":53},"end":{"line":75,"column":5}}},"1":{"name":"(anonymous_5)","decl":{"start":{"line":24,"column":14},"end":{"line":24,"column":17}},"loc":{"start":{"line":24,"column":20},"end":{"line":24,"column":27}}}},"branchMap":{"0":{"loc":{"start":{"line":33,"column":8},"end":{"line":35,"column":9}},"type":"if","locations":[{"start":{"line":33,"column":8},"end":{"line":35,"column":9}}]},"1":{"loc":{"start":{"line":42,"column":8},"end":{"line":44,"column":9}},"type":"if","locations":[{"start":{"line":42,"column":8},"end":{"line":44,"column":9}}]},"2":{"loc":{"start":{"line":47,"column":8},"end":{"line":54,"column":9}},"type":"if","locations":[{"start":{"line":47,"column":8},"end":{"line":54,"column":9}}]},"3":{"loc":{"start":{"line":48,"column":12},"end":{"line":49,"column":48}},"type":"binary-expr","locations":[{"start":{"line":48,"column":12},"end":{"line":48,"column":45}},{"start":{"line":49,"column":12},"end":{"line":49,"column":48}}]}},"s":{"0":1,"1":1,"2":1,"3":1,"4":1,"5":1,"6":1,"7":1,"8":1,"9":1,"10":1,"11":1,"12":1,"13":4,"14":4,"15":1,"16":3,"17":3,"18":1,"19":2,"20":1,"21":1,"22":1,"23":1,"24":1,"25":0,"26":0,"27":1,"28":1,"29":0,"30":1},"f":{"0":4,"1":0},"b":{"0":[1],"1":[1],"2":[1],"3":[2,2]}}
,"C:\\Users\\Matteo\\Desktop\\WCS\\cdajs-2405-projet-coup-de-main-go\\backend\\src\\resolvers\\MessageQueries.ts": {"path":"C:\\Users\\Matteo\\Desktop\\WCS\\cdajs-2405-projet-coup-de-main-go\\backend\\src\\resolvers\\MessageQueries.ts","statementMap":{"0":{"start":{"line":1,"column":0},"end":{"line":1,"column":52}},"1":{"start":{"line":2,"column":0},"end":{"line":2,"column":46}},"2":{"start":{"line":3,"column":0},"end":{"line":3,"column":40}},"3":{"start":{"line":4,"column":0},"end":{"line":4,"column":43}},"4":{"start":{"line":7,"column":7},"end":{"line":28,"column":null}},"5":{"start":{"line":13,"column":21},"end":{"line":15,"column":10}},"6":{"start":{"line":17,"column":8},"end":{"line":19,"column":9}},"7":{"start":{"line":18,"column":12},"end":{"line":18,"column":62}},"8":{"start":{"line":21,"column":25},"end":{"line":24,"column":10}},"9":{"start":{"line":26,"column":8},"end":{"line":26,"column":24}},"10":{"start":{"line":7,"column":13},"end":{"line":7,"column":27}},"11":{"start":{"line":9,"column":10},"end":{"line":27,"column":null}},"12":{"start":{"line":8,"column":17},"end":{"line":8,"column":26}},"13":{"start":{"line":7,"column":13},"end":{"line":28,"column":null}}},"fnMap":{"0":{"name":"(anonymous_4)","decl":{"start":{"line":9,"column":4},"end":{"line":9,"column":9}},"loc":{"start":{"line":10,"column":37},"end":{"line":27,"column":5}}},"1":{"name":"(anonymous_5)","decl":{"start":{"line":8,"column":11},"end":{"line":8,"column":14}},"loc":{"start":{"line":8,"column":17},"end":{"line":8,"column":26}}}},"branchMap":{"0":{"loc":{"start":{"line":17,"column":8},"end":{"line":19,"column":9}},"type":"if","locations":[{"start":{"line":17,"column":8},"end":{"line":19,"column":9}}]}},"s":{"0":1,"1":1,"2":1,"3":1,"4":1,"5":3,"6":3,"7":1,"8":2,"9":2,"10":1,"11":1,"12":0,"13":1},"f":{"0":3,"1":0},"b":{"0":[1]}}
,"C:\\Users\\Matteo\\Desktop\\WCS\\cdajs-2405-projet-coup-de-main-go\\backend\\src\\resolvers\\ReviewMutations.ts": {"path":"C:\\Users\\Matteo\\Desktop\\WCS\\cdajs-2405-projet-coup-de-main-go\\backend\\src\\resolvers\\ReviewMutations.ts","statementMap":{"0":{"start":{"line":1,"column":0},"end":{"line":1,"column":73}},"1":{"start":{"line":2,"column":0},"end":{"line":2,"column":44}},"2":{"start":{"line":3,"column":0},"end":{"line":3,"column":40}},"3":{"start":{"line":4,"column":0},"end":{"line":4,"column":43}},"4":{"start":{"line":7,"column":7},"end":{"line":22,"column":null}},"5":{"start":{"line":7,"column":13},"end":{"line":7,"column":24}},"6":{"start":{"line":9,"column":4},"end":{"line":9,"column":null}},"7":{"start":{"line":12,"column":4},"end":{"line":12,"column":null}},"8":{"start":{"line":15,"column":4},"end":{"line":15,"column":null}},"9":{"start":{"line":18,"column":4},"end":{"line":18,"column":null}},"10":{"start":{"line":21,"column":4},"end":{"line":21,"column":null}},"11":{"start":{"line":7,"column":13},"end":{"line":22,"column":null}},"12":{"start":{"line":25,"column":7},"end":{"line":87,"column":null}},"13":{"start":{"line":31,"column":8},"end":{"line":35,"column":9}},"14":{"start":{"line":32,"column":12},"end":{"line":34,"column":14}},"15":{"start":{"line":38,"column":8},"end":{"line":46,"column":9}},"16":{"start":{"line":43,"column":12},"end":{"line":45,"column":14}},"17":{"start":{"line":49,"column":30},"end":{"line":51,"column":10}},"18":{"start":{"line":53,"column":8},"end":{"line":55,"column":9}},"19":{"start":{"line":54,"column":12},"end":{"line":54,"column":78}},"20":{"start":{"line":58,"column":27},"end":{"line":60,"column":10}},"21":{"start":{"line":62,"column":8},"end":{"line":64,"column":9}},"22":{"start":{"line":63,"column":12},"end":{"line":63,"column":75}},"23":{"start":{"line":66,"column":8},"end":{"line":85,"column":9}},"24":{"start":{"line":67,"column":27},"end":{"line":73,"column":14}},"25":{"start":{"line":75,"column":12},"end":{"line":75,"column":50}},"26":{"start":{"line":76,"column":12},"end":{"line":76,"column":26}},"27":{"start":{"line":78,"column":12},"end":{"line":81,"column":14}},"28":{"start":{"line":82,"column":12},"end":{"line":84,"column":14}},"29":{"start":{"line":25,"column":13},"end":{"line":25,"column":28}},"30":{"start":{"line":27,"column":10},"end":{"line":86,"column":null}},"31":{"start":{"line":26,"column":20},"end":{"line":26,"column":26}},"32":{"start":{"line":25,"column":13},"end":{"line":87,"column":null}}},"fnMap":{"0":{"name":"(anonymous_4)","decl":{"start":{"line":27,"column":4},"end":{"line":27,"column":9}},"loc":{"start":{"line":28,"column":50},"end":{"line":86,"column":5}}},"1":{"name":"(anonymous_5)","decl":{"start":{"line":26,"column":14},"end":{"line":26,"column":17}},"loc":{"start":{"line":26,"column":20},"end":{"line":26,"column":26}}}},"branchMap":{"0":{"loc":{"start":{"line":31,"column":8},"end":{"line":35,"column":9}},"type":"if","locations":[{"start":{"line":31,"column":8},"end":{"line":35,"column":9}}]},"1":{"loc":{"start":{"line":38,"column":8},"end":{"line":46,"column":9}},"type":"if","locations":[{"start":{"line":38,"column":8},"end":{"line":46,"column":9}}]},"2":{"loc":{"start":{"line":39,"column":12},"end":{"line":41,"column":41}},"type":"binary-expr","locations":[{"start":{"line":39,"column":12},"end":{"line":39,"column":33}},{"start":{"line":40,"column":12},"end":{"line":40,"column":33}},{"start":{"line":41,"column":12},"end":{"line":41,"column":41}}]},"3":{"loc":{"start":{"line":53,"column":8},"end":{"line":55,"column":9}},"type":"if","locations":[{"start":{"line":53,"column":8},"end":{"line":55,"column":9}}]},"4":{"loc":{"start":{"line":62,"column":8},"end":{"line":64,"column":9}},"type":"if","locations":[{"start":{"line":62,"column":8},"end":{"line":64,"column":9}}]}},"s":{"0":1,"1":1,"2":1,"3":1,"4":1,"5":1,"6":1,"7":1,"8":1,"9":1,"10":1,"11":1,"12":1,"13":5,"14":1,"15":4,"16":1,"17":3,"18":3,"19":1,"20":2,"21":2,"22":1,"23":1,"24":1,"25":1,"26":1,"27":0,"28":0,"29":1,"30":1,"31":0,"32":1},"f":{"0":5,"1":0},"b":{"0":[1],"1":[1],"2":[4,4,3],"3":[1],"4":[1]}}
,"C:\\Users\\Matteo\\Desktop\\WCS\\cdajs-2405-projet-coup-de-main-go\\backend\\src\\resolvers\\ReviewQueries.ts": {"path":"C:\\Users\\Matteo\\Desktop\\WCS\\cdajs-2405-projet-coup-de-main-go\\backend\\src\\resolvers\\ReviewQueries.ts","statementMap":{"0":{"start":{"line":1,"column":0},"end":{"line":1,"column":52}},"1":{"start":{"line":2,"column":0},"end":{"line":2,"column":44}},"2":{"start":{"line":3,"column":0},"end":{"line":3,"column":40}},"3":{"start":{"line":4,"column":0},"end":{"line":4,"column":43}},"4":{"start":{"line":7,"column":7},"end":{"line":34,"column":null}},"5":{"start":{"line":13,"column":21},"end":{"line":15,"column":10}},"6":{"start":{"line":17,"column":8},"end":{"line":19,"column":9}},"7":{"start":{"line":18,"column":12},"end":{"line":18,"column":68}},"8":{"start":{"line":22,"column":24},"end":{"line":24,"column":10}},"9":{"start":{"line":26,"column":8},"end":{"line":30,"column":9}},"10":{"start":{"line":27,"column":12},"end":{"line":29,"column":14}},"11":{"start":{"line":32,"column":8},"end":{"line":32,"column":23}},"12":{"start":{"line":7,"column":13},"end":{"line":7,"column":26}},"13":{"start":{"line":9,"column":10},"end":{"line":33,"column":null}},"14":{"start":{"line":8,"column":17},"end":{"line":8,"column":25}},"15":{"start":{"line":7,"column":13},"end":{"line":34,"column":null}}},"fnMap":{"0":{"name":"(anonymous_4)","decl":{"start":{"line":9,"column":4},"end":{"line":9,"column":9}},"loc":{"start":{"line":10,"column":43},"end":{"line":33,"column":5}}},"1":{"name":"(anonymous_5)","decl":{"start":{"line":8,"column":11},"end":{"line":8,"column":14}},"loc":{"start":{"line":8,"column":17},"end":{"line":8,"column":25}}}},"branchMap":{"0":{"loc":{"start":{"line":17,"column":8},"end":{"line":19,"column":9}},"type":"if","locations":[{"start":{"line":17,"column":8},"end":{"line":19,"column":9}}]},"1":{"loc":{"start":{"line":26,"column":8},"end":{"line":30,"column":9}},"type":"if","locations":[{"start":{"line":26,"column":8},"end":{"line":30,"column":9}}]}},"s":{"0":1,"1":1,"2":1,"3":1,"4":1,"5":3,"6":3,"7":1,"8":2,"9":2,"10":0,"11":2,"12":1,"13":1,"14":0,"15":1},"f":{"0":3,"1":0},"b":{"0":[1],"1":[0]}}
[...]
,"C:\\Users\\Matteo\\Desktop\\WCS\\cdajs-2405-projet-coup-de-main-go\\backend\\src\\resolvers\\TransactionQueries.ts": {"path":"C:\\Users\\Matteo\\Desktop\\WCS\\cdajs-2405-projet-coup-de-main-go\\backend\\src\\resolvers\\TransactionQueries.ts","statementMap":{"0":{"start":{"line":1,"column":0},"end":{"line":1,"column":52}},"1":{"start":{"line":2,"column":0},"end":{"line":2,"column":54}},"2":{"start":{"line":3,"column":0},"end":{"line":3,"column":40}},"3":{"start":{"line":4,"column":0},"end":{"line":4,"column":43}},"4":{"start":{"line":7,"column":7},"end":{"line":31,"column":null}},"5":{"start":{"line":13,"column":21},"end":{"line":15,"column":10}},"6":{"start":{"line":16,"column":8},"end":{"line":18,"column":9}},"7":{"start":{"line":17,"column":12},"end":{"line":17,"column":68}},"8":{"start":{"line":21,"column":29},"end":{"line":27,"column":10}},"9":{"start":{"line":29,"column":8},"end":{"line":29,"column":28}},"10":{"start":{"line":7,"column":13},"end":{"line":7,"column":31}},"11":{"start":{"line":9,"column":10},"end":{"line":30,"column":null}},"12":{"start":{"line":8,"column":17},"end":{"line":8,"column":30}},"13":{"start":{"line":7,"column":13},"end":{"line":31,"column":null}}},"fnMap":{"0":{"name":"(anonymous_4)","decl":{"start":{"line":9,"column":4},"end":{"line":9,"column":9}},"loc":{"start":{"line":10,"column":37},"end":{"line":30,"column":5}}},"1":{"name":"(anonymous_5)","decl":{"start":{"line":8,"column":11},"end":{"line":8,"column":14}},"loc":{"start":{"line":8,"column":17},"end":{"line":8,"column":30}}}},"branchMap":{"0":{"loc":{"start":{"line":16,"column":8},"end":{"line":18,"column":9}},"type":"if","locations":[{"start":{"line":16,"column":8},"end":{"line":18,"column":9}}]}},"s":{"0":1,"1":1,"2":1,"3":1,"4":1,"5":5,"6":5,"7":1,"8":4,"9":4,"10":1,"11":1,"12":0,"13":1},"f":{"0":5,"1":0},"b":{"0":[1]}}
,"C:\\Users\\Matteo\\Desktop\\WCS\\cdajs-2405-projet-coup-de-main-go\\backend\\src\\resolvers\\UserMutations.ts": {"path":"C:\\Users\\Matteo\\Desktop\\WCS\\cdajs-2405-projet-coup-de-main-go\\backend\\src\\resolvers\\UserMutations.ts","statementMap":{"0":{"start":{"line":1,"column":0},"end":{"line":1,"column":55}},"1":{"start":{"line":2,"column":0},"end":{"line":2,"column":33}},"2":{"start":{"line":4,"column":0},"end":{"line":4,"column":40}},"3":{"start":{"line":5,"column":0},"end":{"line":5,"column":43}},"4":{"start":{"line":8,"column":7},"end":{"line":181,"column":null}},"5":{"start":{"line":19,"column":41},"end":{"line":23,"column":null}},"6":{"start":{"line":26,"column":8},"end":{"line":28,"column":9}},"7":{"start":{"line":27,"column":12},"end":{"line":27,"column":55}},"8":{"start":{"line":31,"column":39},"end":{"line":31,"column":66}},"9":{"start":{"line":34,"column":8},"end":{"line":49,"column":9}},"10":{"start":{"line":35,"column":12},"end":{"line":43,"column":15}},"11":{"start":{"line":45,"column":12},"end":{"line":45,"column":48}},"12":{"start":{"line":47,"column":12},"end":{"line":47,"column":33}},"13":{"start":{"line":48,"column":12},"end":{"line":48,"column":60}},"14":{"start":{"line":51,"column":8},"end":{"line":51,"column":20}},"15":{"start":{"line":56,"column":34},"end":{"line":58,"column":10}},"16":{"start":{"line":60,"column":8},"end":{"line":62,"column":9}},"17":{"start":{"line":61,"column":12},"end":{"line":61,"column":46}},"18":{"start":{"line":64,"column":8},"end":{"line":69,"column":9}},"19":{"start":{"line":65,"column":12},"end":{"line":65,"column":58}},"20":{"start":{"line":67,"column":12},"end":{"line":67,"column":33}},"21":{"start":{"line":68,"column":12},"end":{"line":68,"column":78}},"22":{"start":{"line":71,"column":8},"end":{"line":71,"column":20}},"23":{"start":{"line":80,"column":8},"end":{"line":82,"column":11}},"24":{"start":{"line":84,"column":8},"end":{"line":86,"column":9}},"25":{"start":{"line":85,"column":12},"end":{"line":85,"column":46}},"26":{"start":{"line":89,"column":8},"end":{"line":89,"column":52}},"27":{"start":{"line":91,"column":8},"end":{"line":96,"column":9}},"28":{"start":{"line":92,"column":12},"end":{"line":92,"column":48}},"29":{"start":{"line":94,"column":12},"end":{"line":94,"column":33}},"30":{"start":{"line":95,"column":12},"end":{"line":95,"column":78}},"31":{"start":{"line":98,"column":8},"end":{"line":98,"column":20}},"32":{"start":{"line":115,"column":34},"end":{"line":117,"column":10}},"33":{"start":{"line":119,"column":8},"end":{"line":121,"column":9}},"34":{"start":{"line":120,"column":12},"end":{"line":120,"column":46}},"35":{"start":{"line":123,"column":8},"end":{"line":134,"column":9}},"36":{"start":{"line":124,"column":45},"end":{"line":128,"column":null}},"37":{"start":{"line":130,"column":12},"end":{"line":132,"column":13}},"38":{"start":{"line":131,"column":16},"end":{"line":131,"column":59}},"39":{"start":{"line":133,"column":12},"end":{"line":133,"column":31}},"40":{"start":{"line":135,"column":8},"end":{"line":135,"column":50}},"41":{"start":{"line":135,"column":23},"end":{"line":135,"column":50}},"42":{"start":{"line":136,"column":8},"end":{"line":136,"column":47}},"43":{"start":{"line":136,"column":22},"end":{"line":136,"column":47}},"44":{"start":{"line":137,"column":8},"end":{"line":137,"column":44}},"45":{"start":{"line":137,"column":21},"end":{"line":137,"column":44}},"46":{"start":{"line":138,"column":8},"end":{"line":138,"column":44}},"47":{"start":{"line":138,"column":21},"end":{"line":138,"column":44}},"48":{"start":{"line":139,"column":8},"end":{"line":139,"column":35}},"49":{"start":{"line":139,"column":18},"end":{"line":139,"column":35}},"50":{"start":{"line":140,"column":8},"end":{"line":140,"column":50}},"51":{"start":{"line":140,"column":23},"end":{"line":140,"column":50}},"52":{"start":{"line":141,"column":8},"end":{"line":141,"column":41}},"53":{"start":{"line":141,"column":20},"end":{"line":141,"column":41}},"54":{"start":{"line":142,"column":8},"end":{"line":142,"column":56}},"55":{"start":{"line":142,"column":25},"end":{"line":142,"column":56}},"56":{"start":{"line":143,"column":8},"end":{"line":143,"column":44}},"57":{"start":{"line":143,"column":21},"end":{"line":143,"column":44}},"58":{"start":{"line":145,"column":8},"end":{"line":152,"column":9}},"59":{"start":{"line":146,"column":12},"end":{"line":146,"column":48}},"60":{"start":{"line":148,"column":12},"end":{"line":148,"column":33}},"61":{"start":{"line":149,"column":12},"end":{"line":151,"column":14}},"62":{"start":{"line":154,"column":8},"end":{"line":154,"column":20}},"63":{"start":{"line":162,"column":34},"end":{"line":164,"column":10}},"64":{"start":{"line":166,"column":8},"end":{"line":168,"column":9}},"65":{"start":{"line":167,"column":12},"end":{"line":167,"column":46}},"66":{"start":{"line":170,"column":8},"end":{"line":170,"column":36}},"67":{"start":{"line":172,"column":8},"end":{"line":177,"column":9}},"68":{"start":{"line":173,"column":12},"end":{"line":173,"column":48}},"69":{"start":{"line":175,"column":12},"end":{"line":175,"column":33}},"70":{"start":{"line":176,"column":12},"end":{"line":176,"column":78}},"71":{"start":{"line":179,"column":8},"end":{"line":179,"column":33}},"72":{"start":{"line":8,"column":13},"end":{"line":8,"column":26}},"73":{"start":{"line":10,"column":10},"end":{"line":52,"column":null}},"74":{"start":{"line":9,"column":20},"end":{"line":9,"column":24}},"75":{"start":{"line":55,"column":10},"end":{"line":72,"column":null}},"76":{"start":{"line":54,"column":20},"end":{"line":54,"column":27}},"77":{"start":{"line":75,"column":10},"end":{"line":99,"column":null}},"78":{"start":{"line":74,"column":20},"end":{"line":74,"column":27}},"79":{"start":{"line":102,"column":10},"end":{"line":155,"column":null}},"80":{"start":{"line":101,"column":20},"end":{"line":101,"column":24}},"81":{"start":{"line":158,"column":10},"end":{"line":180,"column":null}},"82":{"start":{"line":157,"column":20},"end":{"line":157,"column":26}},"83":{"start":{"line":8,"column":13},"end":{"line":181,"column":null}}},"fnMap":{"0":{"name":"(anonymous_10)","decl":{"start":{"line":10,"column":4},"end":{"line":10,"column":9}},"loc":{"start":{"line":17,"column":33},"end":{"line":52,"column":5}}},"1":{"name":"(anonymous_11)","decl":{"start":{"line":55,"column":4},"end":{"line":55,"column":9}},"loc":{"start":{"line":55,"column":45},"end":{"line":72,"column":5}}},"2":{"name":"(anonymous_12)","decl":{"start":{"line":75,"column":4},"end":{"line":75,"column":9}},"loc":{"start":{"line":77,"column":41},"end":{"line":99,"column":5}}},"3":{"name":"(anonymous_13)","decl":{"start":{"line":102,"column":4},"end":{"line":102,"column":9}},"loc":{"start":{"line":113,"column":60},"end":{"line":155,"column":5}}},"4":{"name":"(anonymous_14)","decl":{"start":{"line":158,"column":4},"end":{"line":158,"column":9}},"loc":{"start":{"line":160,"column":37},"end":{"line":180,"column":5}}},"5":{"name":"(anonymous_15)","decl":{"start":{"line":9,"column":14},"end":{"line":9,"column":17}},"loc":{"start":{"line":9,"column":20},"end":{"line":9,"column":24}}},"6":{"name":"(anonymous_16)","decl":{"start":{"line":54,"column":14},"end":{"line":54,"column":17}},"loc":{"start":{"line":54,"column":20},"end":{"line":54,"column":27}}},"7":{"name":"(anonymous_17)","decl":{"start":{"line":74,"column":14},"end":{"line":74,"column":17}},"loc":{"start":{"line":74,"column":20},"end":{"line":74,"column":27}}},"8":{"name":"(anonymous_18)","decl":{"start":{"line":101,"column":14},"end":{"line":101,"column":17}},"loc":{"start":{"line":101,"column":20},"end":{"line":101,"column":24}}},"9":{"name":"(anonymous_19)","decl":{"start":{"line":157,"column":14},"end":{"line":157,"column":17}},"loc":{"start":{"line":157,"column":20},"end":{"line":157,"column":26}}}},"branchMap":{"0":{"loc":{"start":{"line":26,"column":8},"end":{"line":28,"column":9}},"type":"if","locations":[{"start":{"line":26,"column":8},"end":{"line":28,"column":9}}]},"1":{"loc":{"start":{"line":60,"column":8},"end":{"line":62,"column":9}},"type":"if","locations":[{"start":{"line":60,"column":8},"end":{"line":62,"column":9}}]},"2":{"loc":{"start":{"line":84,"column":8},"end":{"line":86,"column":9}},"type":"if","locations":[{"start":{"line":84,"column":8},"end":{"line":86,"column":9}}]},"3":{"loc":{"start":{"line":119,"column":8},"end":{"line":121,"column":9}},"type":"if","locations":[{"start":{"line":119,"column":8},"end":{"line":121,"column":9}}]},"4":{"loc":{"start":{"line":123,"column":8},"end":{"line":134,"column":9}},"type":"if","locations":[{"start":{"line":123,"column":8},"end":{"line":134,"column":9}}]},"5":{"loc":{"start":{"line":130,"column":12},"end":{"line":132,"column":13}},"type":"if","locations":[{"start":{"line":130,"column":12},"end":{"line":132,"column":13}}]},"6":{"loc":{"start":{"line":135,"column":8},"end":{"line":135,"column":50}},"type":"if","locations":[{"start":{"line":135,"column":8},"end":{"line":135,"column":50}}]},"7":{"loc":{"start":{"line":136,"column":8},"end":{"line":136,"column":47}},"type":"if","locations":[{"start":{"line":136,"column":8},"end":{"line":136,"column":47}}]},"8":{"loc":{"start":{"line":137,"column":8},"end":{"line":137,"column":44}},"type":"if","locations":[{"start":{"line":137,"column":8},"end":{"line":137,"column":44}}]},"9":{"loc":{"start":{"line":138,"column":8},"end":{"line":138,"column":44}},"type":"if","locations":[{"start":{"line":138,"column":8},"end":{"line":138,"column":44}}]},"10":{"loc":{"start":{"line":139,"column":8},"end":{"line":139,"column":35}},"type":"if","locations":[{"start":{"line":139,"column":8},"end":{"line":139,"column":35}}]},"11":{"loc":{"start":{"line":140,"column":8},"end":{"line":140,"column":50}},"type":"if","locations":[{"start":{"line":140,"column":8},"end":{"line":140,"column":50}}]},"12":{"loc":{"start":{"line":141,"column":8},"end":{"line":141,"column":41}},"type":"if","locations":[{"start":{"line":141,"column":8},"end":{"line":141,"column":41}}]},"13":{"loc":{"start":{"line":142,"column":8},"end":{"line":142,"column":56}},"type":"if","locations":[{"start":{"line":142,"column":8},"end":{"line":142,"column":56}}]},"14":{"loc":{"start":{"line":143,"column":8},"end":{"line":143,"column":44}},"type":"if","locations":[{"start":{"line":143,"column":8},"end":{"line":143,"column":44}}]},"15":{"loc":{"start":{"line":166,"column":8},"end":{"line":168,"column":9}},"type":"if","locations":[{"start":{"line":166,"column":8},"end":{"line":168,"column":9}}]}},"s":{"0":1,"1":1,"2":1,"3":1,"4":1,"5":2,"6":2,"7":1,"8":1,"9":1,"10":1,"11":1,"12":0,"13":0,"14":1,"15":2,"16":2,"17":1,"18":1,"19":1,"20":0,"21":0,"22":1,"23":2,"24":2,"25":1,"26":1,"27":1,"28":1,"29":0,"30":0,"31":1,"32":3,"33":3,"34":1,"35":2,"36":2,"37":2,"38":1,"39":1,"40":1,"41":1,"42":1,"43":1,"44":1,"45":1,"46":1,"47":1,"48":1,"49":1,"50":1,"51":1,"52":1,"53":0,"54":1,"55":0,"56":1,"57":0,"58":1,"59":1,"60":0,"61":0,"62":1,"63":2,"64":2,"65":1,"66":1,"67":1,"68":1,"69":0,"70":0,"71":1,"72":1,"73":1,"74":0,"75":1,"76":0,"77":1,"78":0,"79":1,"80":0,"81":1,"82":0,"83":1},"f":{"0":2,"1":2,"2":2,"3":3,"4":2,"5":0,"6":0,"7":0,"8":0,"9":0},"b":{"0":[1],"1":[1],"2":[1],"3":[1],"4":[2],"5":[1],"6":[1],"7":[1],"8":[1],"9":[1],"10":[1],"11":[1],"12":[0],"13":[0],"14":[0],"15":[1]}}
,"C:\\Users\\Matteo\\Desktop\\WCS\\cdajs-2405-projet-coup-de-main-go\\backend\\src\\resolvers\\UserQueries.ts": {"path":"C:\\Users\\Matteo\\Desktop\\WCS\\cdajs-2405-projet-coup-de-main-go\\backend\\src\\resolvers\\UserQueries.ts","statementMap":{"0":{"start":{"line":1,"column":0},"end":{"line":1,"column":52}},"1":{"start":{"line":2,"column":0},"end":{"line":2,"column":33}},"2":{"start":{"line":3,"column":0},"end":{"line":3,"column":31}},"3":{"start":{"line":4,"column":0},"end":{"line":4,"column":40}},"4":{"start":{"line":5,"column":0},"end":{"line":5,"column":43}},"5":{"start":{"line":8,"column":7},"end":{"line":75,"column":null}},"6":{"start":{"line":11,"column":4},"end":{"line":11,"column":74}},"7":{"start":{"line":19,"column":30},"end":{"line":21,"column":6}},"8":{"start":{"line":23,"column":4},"end":{"line":25,"column":5}},"9":{"start":{"line":24,"column":6},"end":{"line":24,"column":47}},"10":{"start":{"line":28,"column":39},"end":{"line":30,"column":null}},"11":{"start":{"line":33,"column":4},"end":{"line":35,"column":5}},"12":{"start":{"line":34,"column":6},"end":{"line":34,"column":47}},"13":{"start":{"line":38,"column":42},"end":{"line":38,"column":64}},"14":{"start":{"line":39,"column":4},"end":{"line":41,"column":5}},"15":{"start":{"line":40,"column":6},"end":{"line":40,"column":44}},"16":{"start":{"line":43,"column":4},"end":{"line":45,"column":7}},"17":{"start":{"line":50,"column":30},"end":{"line":53,"column":6}},"18":{"start":{"line":55,"column":4},"end":{"line":57,"column":5}},"19":{"start":{"line":56,"column":6},"end":{"line":56,"column":40}},"20":{"start":{"line":59,"column":4},"end":{"line":59,"column":16}},"21":{"start":{"line":64,"column":30},"end":{"line":67,"column":6}},"22":{"start":{"line":69,"column":4},"end":{"line":71,"column":5}},"23":{"start":{"line":70,"column":6},"end":{"line":70,"column":40}},"24":{"start":{"line":73,"column":4},"end":{"line":73,"column":29}},"25":{"start":{"line":8,"column":13},"end":{"line":8,"column":24}},"26":{"start":{"line":10,"column":8},"end":{"line":12,"column":null}},"27":{"start":{"line":9,"column":15},"end":{"line":9,"column":21}},"28":{"start":{"line":15,"column":8},"end":{"line":46,"column":null}},"29":{"start":{"line":14,"column":15},"end":{"line":14,"column":21}},"30":{"start":{"line":49,"column":8},"end":{"line":60,"column":null}},"31":{"start":{"line":48,"column":15},"end":{"line":48,"column":19}},"32":{"start":{"line":63,"column":8},"end":{"line":74,"column":null}},"33":{"start":{"line":62,"column":15},"end":{"line":62,"column":21}},"34":{"start":{"line":8,"column":13},"end":{"line":75,"column":null}}},"fnMap":{"0":{"name":"(anonymous_11)","decl":{"start":{"line":10,"column":2},"end":{"line":10,"column":7}},"loc":{"start":{"line":10,"column":19},"end":{"line":12,"column":3}}},"1":{"name":"(anonymous_12)","decl":{"start":{"line":15,"column":2},"end":{"line":15,"column":7}},"loc":{"start":{"line":17,"column":37},"end":{"line":46,"column":3}}},"2":{"name":"(anonymous_13)","decl":{"start":{"line":49,"column":2},"end":{"line":49,"column":7}},"loc":{"start":{"line":49,"column":50},"end":{"line":60,"column":3}}},"3":{"name":"(anonymous_14)","decl":{"start":{"line":63,"column":2},"end":{"line":63,"column":7}},"loc":{"start":{"line":63,"column":53},"end":{"line":74,"column":3}}},"4":{"name":"(anonymous_15)","decl":{"start":{"line":9,"column":9},"end":{"line":9,"column":12}},"loc":{"start":{"line":9,"column":15},"end":{"line":9,"column":21}}},"5":{"name":"(anonymous_16)","decl":{"start":{"line":14,"column":9},"end":{"line":14,"column":12}},"loc":{"start":{"line":14,"column":15},"end":{"line":14,"column":21}}},"6":{"name":"(anonymous_17)","decl":{"start":{"line":48,"column":9},"end":{"line":48,"column":12}},"loc":{"start":{"line":48,"column":15},"end":{"line":48,"column":19}}},"7":{"name":"(anonymous_18)","decl":{"start":{"line":62,"column":9},"end":{"line":62,"column":12}},"loc":{"start":{"line":62,"column":15},"end":{"line":62,"column":21}}}},"branchMap":{"0":{"loc":{"start":{"line":23,"column":4},"end":{"line":25,"column":5}},"type":"if","locations":[{"start":{"line":23,"column":4},"end":{"line":25,"column":5}}]},"1":{"loc":{"start":{"line":33,"column":4},"end":{"line":35,"column":5}},"type":"if","locations":[{"start":{"line":33,"column":4},"end":{"line":35,"column":5}}]},"2":{"loc":{"start":{"line":39,"column":4},"end":{"line":41,"column":5}},"type":"if","locations":[{"start":{"line":39,"column":4},"end":{"line":41,"column":5}}]},"3":{"loc":{"start":{"line":55,"column":4},"end":{"line":57,"column":5}},"type":"if","locations":[{"start":{"line":55,"column":4},"end":{"line":57,"column":5}}]},"4":{"loc":{"start":{"line":69,"column":4},"end":{"line":71,"column":5}},"type":"if","locations":[{"start":{"line":69,"column":4},"end":{"line":71,"column":5}}]}},"s":{"0":1,"1":1,"2":1,"3":1,"4":1,"5":1,"6":0,"7":3,"8":3,"9":2,"10":1,"11":1,"12":0,"13":1,"14":1,"15":0,"16":1,"17":2,"18":2,"19":1,"20":1,"21":2,"22":2,"23":1,"24":1,"25":1,"26":1,"27":0,"28":1,"29":0,"30":1,"31":0,"32":1,"33":0,"34":1},"f":{"0":0,"1":3,"2":2,"3":2,"4":0,"5":0,"6":0,"7":0},"b":{"0":[2],"1":[0],"2":[0],"3":[1],"4":[1]}}
}
