TN:
SF:src\datasource\index.ts
FNF:0
FNH:0
DA:1,13
DA:2,13
DA:4,13
DA:6,13
DA:7,13
DA:8,13
DA:9,13
DA:10,13
DA:12,13
LF:9
LH:9
BRDA:6,0,0,13
BRDA:6,0,1,0
BRDA:7,1,0,13
BRDA:7,1,1,0
BRDA:8,2,0,13
BRDA:8,2,1,0
BRDA:9,3,0,13
BRDA:9,3,1,0
BRDA:10,4,0,13
BRDA:10,4,1,0
BRF:10
BRH:5
end_of_record
TN:
SF:src\entities\Ad.ts
FN:21,(anonymous_2)
FN:125,(anonymous_3)
FN:155,(anonymous_4)
FN:162,(anonymous_5)
FN:36,(anonymous_6)
FN:84,(anonymous_7)
FN:109,(anonymous_8)
FN:109,(anonymous_9)
FN:110,(anonymous_10)
FN:113,(anonymous_11)
FN:113,(anonymous_12)
FN:114,(anonymous_13)
FN:117,(anonymous_14)
FN:117,(anonymous_15)
FN:118,(anonymous_16)
FN:121,(anonymous_17)
FN:121,(anonymous_18)
FN:122,(anonymous_19)
FNF:18
FNH:2
FNDA:13,(anonymous_2)
FNDA:144,(anonymous_3)
FNDA:0,(anonymous_4)
FNDA:0,(anonymous_5)
FNDA:0,(anonymous_6)
FNDA:0,(anonymous_7)
FNDA:0,(anonymous_8)
FNDA:0,(anonymous_9)
FNDA:0,(anonymous_10)
FNDA:0,(anonymous_11)
FNDA:0,(anonymous_12)
FNDA:0,(anonymous_13)
FNDA:0,(anonymous_14)
FNDA:0,(anonymous_15)
FNDA:0,(anonymous_16)
FNDA:0,(anonymous_17)
FNDA:0,(anonymous_18)
FNDA:0,(anonymous_19)
DA:1,13
DA:14,13
DA:15,13
DA:16,13
DA:17,13
DA:18,13
DA:19,13
DA:21,13
DA:22,13
DA:23,13
DA:24,13
DA:27,13
DA:34,13
DA:36,0
DA:37,13
DA:44,144
DA:51,144
DA:58,144
DA:65,144
DA:72,144
DA:76,144
DA:80,144
DA:84,0
DA:85,144
DA:90,13
DA:95,13
DA:99,144
DA:103,144
DA:107,144
DA:109,0
DA:110,0
DA:111,13
DA:113,0
DA:114,0
DA:115,13
DA:117,0
DA:118,0
DA:119,13
DA:121,0
DA:122,0
DA:123,13
DA:139,144
DA:140,144
DA:141,144
DA:142,144
DA:143,144
DA:144,144
DA:145,144
DA:146,144
DA:147,144
DA:148,144
DA:149,144
DA:150,144
DA:151,144
DA:155,13
DA:156,0
DA:157,0
DA:158,0
DA:162,13
DA:163,0
LF:60
LH:46
BRDA:21,0,0,13
BRDA:21,0,1,13
BRDA:149,1,0,144
BRDA:149,1,1,144
BRDA:150,2,0,144
BRDA:150,2,1,144
BRDA:151,3,0,144
BRDA:151,3,1,144
BRF:8
BRH:8
end_of_record
TN:
SF:src\entities\Chat.ts
FN:44,(anonymous_2)
FN:58,(anonymous_3)
FN:20,(anonymous_4)
FN:28,(anonymous_5)
FN:28,(anonymous_6)
FN:29,(anonymous_7)
FN:32,(anonymous_8)
FN:32,(anonymous_9)
FN:33,(anonymous_10)
FN:36,(anonymous_11)
FN:36,(anonymous_12)
FN:37,(anonymous_13)
FN:40,(anonymous_14)
FN:40,(anonymous_15)
FN:41,(anonymous_16)
FNF:15
FNH:1
FNDA:15,(anonymous_2)
FNDA:0,(anonymous_3)
FNDA:0,(anonymous_4)
FNDA:0,(anonymous_5)
FNDA:0,(anonymous_6)
FNDA:0,(anonymous_7)
FNDA:0,(anonymous_8)
FNDA:0,(anonymous_9)
FNDA:0,(anonymous_10)
FNDA:0,(anonymous_11)
FNDA:0,(anonymous_12)
FNDA:0,(anonymous_13)
FNDA:0,(anonymous_14)
FNDA:0,(anonymous_15)
FNDA:0,(anonymous_16)
DA:1,13
DA:10,13
DA:11,13
DA:12,13
DA:13,13
DA:14,13
DA:18,13
DA:20,0
DA:21,13
DA:26,13
DA:28,0
DA:29,0
DA:30,13
DA:32,0
DA:33,0
DA:34,13
DA:36,0
DA:37,0
DA:38,13
DA:40,0
DA:41,0
DA:42,13
DA:50,15
DA:51,15
DA:52,15
DA:53,15
DA:54,15
DA:58,13
DA:59,0
LF:29
LH:19
BRF:0
BRH:0
end_of_record
TN:
SF:src\entities\Message.ts
FN:45,(anonymous_2)
FN:54,(anonymous_3)
FN:18,(anonymous_4)
FN:37,(anonymous_5)
FN:37,(anonymous_6)
FN:38,(anonymous_7)
FN:41,(anonymous_8)
FN:41,(anonymous_9)
FN:42,(anonymous_10)
FNF:9
FNH:1
FNDA:4,(anonymous_2)
FNDA:0,(anonymous_3)
FNDA:0,(anonymous_4)
FNDA:0,(anonymous_5)
FNDA:0,(anonymous_6)
FNDA:0,(anonymous_7)
FNDA:0,(anonymous_8)
FNDA:0,(anonymous_9)
FNDA:0,(anonymous_10)
DA:1,13
DA:9,13
DA:10,13
DA:11,13
DA:12,13
DA:16,13
DA:18,0
DA:19,13
DA:26,13
DA:30,13
DA:35,13
DA:37,0
DA:38,0
DA:39,13
DA:41,0
DA:42,0
DA:43,13
DA:46,4
DA:47,4
DA:48,4
DA:49,4
DA:50,4
DA:54,13
DA:55,0
LF:24
LH:18
BRF:0
BRH:0
end_of_record
TN:
SF:src\entities\Review.ts
FN:55,(anonymous_2)
FN:71,(anonymous_3)
FN:17,(anonymous_4)
FN:45,(anonymous_5)
FN:45,(anonymous_6)
FN:46,(anonymous_7)
FN:49,(anonymous_8)
FN:49,(anonymous_9)
FN:52,(anonymous_10)
FNF:9
FNH:1
FNDA:4,(anonymous_2)
FNDA:0,(anonymous_3)
FNDA:0,(anonymous_4)
FNDA:0,(anonymous_5)
FNDA:0,(anonymous_6)
FNDA:0,(anonymous_7)
FNDA:0,(anonymous_8)
FNDA:0,(anonymous_9)
FNDA:0,(anonymous_10)
DA:1,13
DA:9,13
DA:10,13
DA:11,13
DA:15,13
DA:17,0
DA:18,13
DA:25,13
DA:32,13
DA:38,13
DA:43,13
DA:45,0
DA:46,0
DA:47,13
DA:49,0
DA:52,0
DA:53,13
DA:62,4
DA:63,4
DA:64,4
DA:65,4
DA:66,4
DA:67,4
DA:71,13
DA:72,0
LF:25
LH:19
BRF:0
BRH:0
end_of_record
TN:
SF:src\entities\Skill.ts
FN:35,(anonymous_2)
FN:17,(anonymous_3)
FN:31,(anonymous_4)
FN:31,(anonymous_5)
FN:32,(anonymous_6)
FNF:5
FNH:1
FNDA:42,(anonymous_2)
FNDA:0,(anonymous_3)
FNDA:0,(anonymous_4)
FNDA:0,(anonymous_5)
FNDA:0,(anonymous_6)
DA:1,13
DA:9,13
DA:10,13
DA:11,13
DA:15,13
DA:17,0
DA:18,13
DA:25,42
DA:29,42
DA:31,0
DA:32,0
DA:33,13
DA:36,42
DA:37,42
DA:38,42
LF:15
LH:12
BRF:0
BRH:0
end_of_record
TN:
SF:src\entities\Transaction.ts
FN:43,(anonymous_2)
FN:51,(anonymous_3)
FN:20,(anonymous_4)
FN:28,(anonymous_5)
FN:28,(anonymous_6)
FN:29,(anonymous_7)
FN:33,(anonymous_8)
FN:33,(anonymous_9)
FN:34,(anonymous_10)
FN:37,(anonymous_11)
FN:37,(anonymous_12)
FN:40,(anonymous_13)
FNF:12
FNH:1
FNDA:7,(anonymous_2)
FNDA:0,(anonymous_3)
FNDA:0,(anonymous_4)
FNDA:0,(anonymous_5)
FNDA:0,(anonymous_6)
FNDA:0,(anonymous_7)
FNDA:0,(anonymous_8)
FNDA:0,(anonymous_9)
FNDA:0,(anonymous_10)
FNDA:0,(anonymous_11)
FNDA:0,(anonymous_12)
FNDA:0,(anonymous_13)
DA:1,13
DA:11,13
DA:12,13
DA:13,13
DA:14,13
DA:18,13
DA:20,0
DA:21,13
DA:26,13
DA:28,0
DA:29,0
DA:31,13
DA:33,0
DA:34,0
DA:35,13
DA:37,0
DA:40,0
DA:41,13
DA:44,7
DA:45,7
DA:46,7
DA:47,7
DA:51,13
DA:52,0
LF:24
LH:16
BRF:0
BRH:0
end_of_record
TN:
SF:src\entities\User.ts
FN:140,(anonymous_2)
FN:162,(anonymous_3)
FN:24,(anonymous_4)
FN:103,(anonymous_5)
FN:103,(anonymous_6)
FN:104,(anonymous_7)
FN:107,(anonymous_8)
FN:107,(anonymous_9)
FN:108,(anonymous_10)
FN:111,(anonymous_11)
FN:111,(anonymous_12)
FN:112,(anonymous_13)
FN:115,(anonymous_14)
FN:115,(anonymous_15)
FN:116,(anonymous_16)
FN:119,(anonymous_17)
FN:119,(anonymous_18)
FN:120,(anonymous_19)
FN:123,(anonymous_20)
FN:123,(anonymous_21)
FN:124,(anonymous_22)
FN:127,(anonymous_23)
FN:127,(anonymous_24)
FN:128,(anonymous_25)
FN:131,(anonymous_26)
FN:131,(anonymous_27)
FN:132,(anonymous_28)
FN:135,(anonymous_29)
FN:137,(anonymous_30)
FNF:29
FNH:1
FNDA:164,(anonymous_2)
FNDA:0,(anonymous_3)
FNDA:0,(anonymous_4)
FNDA:0,(anonymous_5)
FNDA:0,(anonymous_6)
FNDA:0,(anonymous_7)
FNDA:0,(anonymous_8)
FNDA:0,(anonymous_9)
FNDA:0,(anonymous_10)
FNDA:0,(anonymous_11)
FNDA:0,(anonymous_12)
FNDA:0,(anonymous_13)
FNDA:0,(anonymous_14)
FNDA:0,(anonymous_15)
FNDA:0,(anonymous_16)
FNDA:0,(anonymous_17)
FNDA:0,(anonymous_18)
FNDA:0,(anonymous_19)
FNDA:0,(anonymous_20)
FNDA:0,(anonymous_21)
FNDA:0,(anonymous_22)
FNDA:0,(anonymous_23)
FNDA:0,(anonymous_24)
FNDA:0,(anonymous_25)
FNDA:0,(anonymous_26)
FNDA:0,(anonymous_27)
FNDA:0,(anonymous_28)
FNDA:0,(anonymous_29)
FNDA:0,(anonymous_30)
DA:1,13
DA:11,13
DA:12,13
DA:13,13
DA:14,13
DA:15,13
DA:16,13
DA:17,13
DA:18,13
DA:22,13
DA:24,0
DA:25,13
DA:32,164
DA:39,164
DA:44,164
DA:51,164
DA:58,13
DA:62,13
DA:67,13
DA:71,13
DA:78,164
DA:85,164
DA:92,164
DA:96,164
DA:101,13
DA:103,0
DA:104,0
DA:105,13
DA:107,0
DA:108,0
DA:109,13
DA:111,0
DA:112,0
DA:113,13
DA:115,0
DA:116,0
DA:117,13
DA:119,0
DA:120,0
DA:121,13
DA:123,0
DA:124,0
DA:125,13
DA:127,0
DA:128,0
DA:129,13
DA:131,0
DA:132,0
DA:133,13
DA:135,0
DA:137,0
DA:138,13
DA:150,164
DA:151,164
DA:152,164
DA:153,164
DA:154,164
DA:155,164
DA:156,164
DA:157,164
DA:158,164
DA:162,13
DA:163,0
LF:63
LH:43
BRF:0
BRH:0
end_of_record
TN:
SF:src\resolvers\AdMutations.ts
FN:41,(anonymous_4)
FN:45,(anonymous_5)
FN:72,(anonymous_6)
FN:107,(anonymous_7)
FN:147,(anonymous_8)
FN:148,(anonymous_9)
FN:71,(anonymous_10)
FN:106,(anonymous_11)
FN:146,(anonymous_12)
FNF:9
FNH:2
FNDA:0,(anonymous_4)
FNDA:0,(anonymous_5)
FNDA:0,(anonymous_6)
FNDA:0,(anonymous_7)
FNDA:3,(anonymous_8)
FNDA:3,(anonymous_9)
FNDA:0,(anonymous_10)
FNDA:0,(anonymous_11)
FNDA:0,(anonymous_12)
DA:1,1
DA:2,1
DA:3,1
DA:4,1
DA:5,1
DA:6,1
DA:7,1
DA:10,1
DA:15,1
DA:21,1
DA:27,1
DA:33,1
DA:39,1
DA:41,0
DA:43,1
DA:45,0
DA:47,1
DA:51,1
DA:55,1
DA:59,1
DA:62,1
DA:65,1
DA:69,1
DA:71,0
DA:72,1
DA:74,0
DA:77,0
DA:78,0
DA:82,0
DA:85,0
DA:86,0
DA:89,0
DA:91,0
DA:97,0
DA:98,0
DA:100,0
DA:101,0
DA:106,0
DA:107,1
DA:112,0
DA:113,0
DA:114,0
DA:118,0
DA:121,0
DA:122,0
DA:126,0
DA:129,0
DA:130,0
DA:133,0
DA:135,0
DA:137,0
DA:138,0
DA:140,0
DA:141,0
DA:146,0
DA:147,1
DA:148,3
DA:150,3
DA:154,3
DA:155,1
DA:158,2
DA:165,2
DA:166,1
DA:169,1
DA:171,1
DA:172,0
DA:173,0
DA:174,0
DA:175,0
DA:179,1
DA:180,1
DA:182,0
DA:183,0
LF:73
LH:35
BRDA:77,0,0,0
BRDA:85,1,0,0
BRDA:113,2,0,0
BRDA:121,3,0,0
BRDA:129,4,0,0
BRDA:154,5,0,1
BRDA:165,6,0,1
BRDA:171,7,0,0
BRF:8
BRH:2
end_of_record
TN:
SF:src\resolvers\AdQueries.ts
FN:8,(anonymous_4)
FN:41,(anonymous_5)
FN:54,(anonymous_6)
FN:7,(anonymous_7)
FN:9,(anonymous_8)
FN:10,(anonymous_9)
FN:12,(anonymous_10)
FN:14,(anonymous_11)
FN:15,(anonymous_12)
FN:40,(anonymous_13)
FN:53,(anonymous_14)
FNF:11
FNH:2
FNDA:8,(anonymous_4)
FNDA:2,(anonymous_5)
FNDA:0,(anonymous_6)
FNDA:0,(anonymous_7)
FNDA:0,(anonymous_8)
FNDA:0,(anonymous_9)
FNDA:0,(anonymous_10)
FNDA:0,(anonymous_11)
FNDA:0,(anonymous_12)
FNDA:0,(anonymous_13)
FNDA:0,(anonymous_14)
DA:1,1
DA:2,1
DA:3,1
DA:6,1
DA:7,0
DA:8,1
DA:9,0
DA:10,0
DA:12,0
DA:14,0
DA:15,0
DA:17,8
DA:18,8
DA:21,8
DA:22,1
DA:25,8
DA:26,1
DA:29,8
DA:30,1
DA:34,8
DA:37,8
DA:40,0
DA:41,1
DA:42,2
DA:46,2
DA:47,1
DA:50,1
DA:53,0
DA:54,1
DA:55,0
DA:59,0
DA:60,0
DA:63,0
LF:33
LH:21
BRDA:14,0,0,7
BRDA:15,1,0,7
BRDA:21,2,0,1
BRDA:25,3,0,1
BRDA:29,4,0,1
BRDA:46,5,0,1
BRDA:59,6,0,0
BRF:7
BRH:6
end_of_record
TN:
SF:src\resolvers\ChatMutations.ts
FN:22,(anonymous_4)
FN:21,(anonymous_5)
FNF:2
FNH:1
FNDA:5,(anonymous_4)
FNDA:0,(anonymous_5)
DA:1,1
DA:2,1
DA:3,1
DA:4,1
DA:5,1
DA:8,1
DA:10,1
DA:13,1
DA:16,1
DA:20,1
DA:21,0
DA:22,1
DA:24,5
DA:25,1
DA:31,4
DA:35,4
DA:36,1
DA:40,3
DA:44,3
DA:45,0
DA:49,3
DA:56,3
DA:57,1
DA:63,2
DA:71,2
DA:72,1
DA:77,1
DA:78,1
DA:84,1
DA:85,1
DA:87,0
DA:88,0
LF:32
LH:28
BRDA:24,0,0,1
BRDA:35,1,0,1
BRDA:44,2,0,0
BRDA:56,3,0,1
BRDA:71,4,0,1
BRF:5
BRH:4
end_of_record
TN:
SF:src\resolvers\ChatQueries.ts
FN:9,(anonymous_4)
FN:8,(anonymous_5)
FNF:2
FNH:1
FNDA:5,(anonymous_4)
FNDA:0,(anonymous_5)
DA:1,1
DA:2,1
DA:3,1
DA:4,1
DA:7,1
DA:8,0
DA:9,1
DA:13,5
DA:17,5
DA:18,1
DA:22,4
DA:29,4
LF:12
LH:11
BRDA:17,0,0,1
BRF:1
BRH:1
end_of_record
TN:
SF:src\resolvers\MessageMutations.ts
FN:25,(anonymous_4)
FN:24,(anonymous_5)
FNF:2
FNH:1
FNDA:4,(anonymous_4)
FNDA:0,(anonymous_5)
DA:1,1
DA:2,1
DA:3,1
DA:4,1
DA:5,1
DA:8,1
DA:10,1
DA:13,1
DA:16,1
DA:19,1
DA:23,1
DA:24,0
DA:25,1
DA:29,4
DA:33,4
DA:34,1
DA:38,3
DA:42,3
DA:43,1
DA:47,2
DA:51,1
DA:56,1
DA:57,1
DA:64,1
DA:65,1
DA:67,0
DA:71,0
LF:27
LH:24
BRDA:33,0,0,1
BRDA:42,1,0,1
BRDA:47,2,0,1
BRDA:48,3,0,2
BRDA:48,3,1,2
BRF:5
BRH:5
end_of_record
TN:
SF:src\resolvers\MessageQueries.ts
FN:9,(anonymous_4)
FN:8,(anonymous_5)
FNF:2
FNH:1
FNDA:3,(anonymous_4)
FNDA:0,(anonymous_5)
DA:1,1
DA:2,1
DA:3,1
DA:4,1
DA:7,1
DA:8,0
DA:9,1
DA:13,3
DA:17,3
DA:18,1
DA:21,2
DA:26,2
LF:12
LH:11
BRDA:17,0,0,1
BRF:1
BRH:1
end_of_record
TN:
SF:src\resolvers\ReviewMutations.ts
FN:27,(anonymous_4)
FN:26,(anonymous_5)
FNF:2
FNH:1
FNDA:5,(anonymous_4)
FNDA:0,(anonymous_5)
DA:1,1
DA:2,1
DA:3,1
DA:4,1
DA:7,1
DA:9,1
DA:12,1
DA:15,1
DA:18,1
DA:21,1
DA:25,1
DA:26,0
DA:27,1
DA:31,5
DA:32,1
DA:38,4
DA:43,1
DA:49,3
DA:53,3
DA:54,1
DA:58,2
DA:62,2
DA:63,1
DA:66,1
DA:67,1
DA:75,1
DA:76,1
DA:78,0
DA:82,0
LF:29
LH:26
BRDA:31,0,0,1
BRDA:38,1,0,1
BRDA:39,2,0,4
BRDA:39,2,1,4
BRDA:39,2,2,3
BRDA:53,3,0,1
BRDA:62,4,0,1
BRF:7
BRH:7
end_of_record
TN:
SF:src\resolvers\ReviewQueries.ts
FN:9,(anonymous_4)
FN:8,(anonymous_5)
FNF:2
FNH:1
FNDA:3,(anonymous_4)
FNDA:0,(anonymous_5)
DA:1,1
DA:2,1
DA:3,1
DA:4,1
DA:7,1
DA:8,0
DA:9,1
DA:13,3
DA:17,3
DA:18,1
DA:22,2
DA:26,2
DA:27,0
DA:32,2
LF:14
LH:12
BRDA:17,0,0,1
BRDA:26,1,0,0
BRF:2
BRH:1
end_of_record
TN:
SF:src\resolvers\SkillQueries.ts
FN:8,(anonymous_2)
FN:7,(anonymous_3)
FNF:2
FNH:1
FNDA:3,(anonymous_2)
FNDA:0,(anonymous_3)
DA:1,1
DA:2,1
DA:3,1
DA:6,1
DA:7,0
DA:8,1
DA:9,3
DA:10,3
LF:8
LH:7
BRF:0
BRH:0
end_of_record
TN:
SF:src\resolvers\TransactionMutations.ts
FN:22,(anonymous_4)
FN:21,(anonymous_5)
FNF:2
FNH:1
FNDA:7,(anonymous_4)
FNDA:0,(anonymous_5)
DA:1,1
DA:2,1
DA:3,1
DA:4,1
DA:5,1
DA:8,1
DA:10,1
DA:13,1
DA:16,1
DA:20,1
DA:21,0
DA:22,1
DA:26,7
DA:27,1
DA:33,6
DA:40,6
DA:41,1
DA:47,5
DA:51,5
DA:52,1
DA:56,4
DA:60,4
DA:61,1
DA:65,3
DA:68,3
DA:69,1
DA:73,2
DA:76,1
DA:82,1
DA:83,1
DA:89,1
DA:90,1
DA:92,0
DA:96,0
LF:34
LH:31
BRDA:26,0,0,1
BRDA:40,1,0,1
BRDA:51,2,0,1
BRDA:60,3,0,1
BRDA:68,4,0,1
BRDA:73,5,0,1
BRF:6
BRH:6
end_of_record
TN:
SF:src\resolvers\TransactionQueries.ts
FN:9,(anonymous_4)
FN:8,(anonymous_5)
FNF:2
FNH:1
FNDA:5,(anonymous_4)
FNDA:0,(anonymous_5)
DA:1,1
DA:2,1
DA:3,1
DA:4,1
DA:7,1
DA:8,0
DA:9,1
DA:13,5
DA:16,5
DA:17,1
DA:21,4
DA:29,4
LF:12
LH:11
BRDA:16,0,0,1
BRF:1
BRH:1
end_of_record
TN:
SF:src\resolvers\UserMutations.ts
FN:10,(anonymous_10)
FN:55,(anonymous_11)
FN:75,(anonymous_12)
FN:102,(anonymous_13)
FN:158,(anonymous_14)
FN:9,(anonymous_15)
FN:54,(anonymous_16)
FN:74,(anonymous_17)
FN:101,(anonymous_18)
FN:157,(anonymous_19)
FNF:10
FNH:5
FNDA:2,(anonymous_10)
FNDA:2,(anonymous_11)
FNDA:2,(anonymous_12)
FNDA:3,(anonymous_13)
FNDA:2,(anonymous_14)
FNDA:0,(anonymous_15)
FNDA:0,(anonymous_16)
FNDA:0,(anonymous_17)
FNDA:0,(anonymous_18)
FNDA:0,(anonymous_19)
DA:1,1
DA:2,1
DA:4,1
DA:5,1
DA:8,1
DA:9,0
DA:10,1
DA:19,2
DA:26,2
DA:27,1
DA:31,1
DA:34,1
DA:35,1
DA:45,1
DA:47,0
DA:48,0
DA:51,1
DA:54,0
DA:55,1
DA:56,2
DA:60,2
DA:61,1
DA:64,1
DA:65,1
DA:67,0
DA:68,0
DA:71,1
DA:74,0
DA:75,1
DA:80,2
DA:84,2
DA:85,1
DA:89,1
DA:91,1
DA:92,1
DA:94,0
DA:95,0
DA:98,1
DA:101,0
DA:102,1
DA:115,3
DA:119,3
DA:120,1
DA:123,2
DA:124,2
DA:130,2
DA:131,1
DA:133,1
DA:135,1
DA:136,1
DA:137,1
DA:138,1
DA:139,1
DA:140,1
DA:141,1
DA:142,1
DA:143,1
DA:145,1
DA:146,1
DA:148,0
DA:149,0
DA:154,1
DA:157,0
DA:158,1
DA:162,2
DA:166,2
DA:167,1
DA:170,1
DA:172,1
DA:173,1
DA:175,0
DA:176,0
DA:179,1
LF:73
LH:58
BRDA:26,0,0,1
BRDA:60,1,0,1
BRDA:84,2,0,1
BRDA:119,3,0,1
BRDA:123,4,0,2
BRDA:130,5,0,1
BRDA:135,6,0,1
BRDA:136,7,0,1
BRDA:137,8,0,1
BRDA:138,9,0,1
BRDA:139,10,0,1
BRDA:140,11,0,1
BRDA:141,12,0,0
BRDA:142,13,0,0
BRDA:143,14,0,0
BRDA:166,15,0,1
BRF:16
BRH:13
end_of_record
TN:
SF:src\resolvers\UserQueries.ts
FN:10,(anonymous_11)
FN:15,(anonymous_12)
FN:49,(anonymous_13)
FN:63,(anonymous_14)
FN:9,(anonymous_15)
FN:14,(anonymous_16)
FN:48,(anonymous_17)
FN:62,(anonymous_18)
FNF:8
FNH:3
FNDA:0,(anonymous_11)
FNDA:3,(anonymous_12)
FNDA:2,(anonymous_13)
FNDA:2,(anonymous_14)
FNDA:0,(anonymous_15)
FNDA:0,(anonymous_16)
FNDA:0,(anonymous_17)
FNDA:0,(anonymous_18)
DA:1,1
DA:2,1
DA:3,1
DA:4,1
DA:5,1
DA:8,1
DA:9,0
DA:10,1
DA:11,0
DA:14,0
DA:15,1
DA:19,3
DA:23,3
DA:24,2
DA:28,1
DA:33,1
DA:34,0
DA:38,1
DA:39,1
DA:40,0
DA:43,1
DA:48,0
DA:49,1
DA:50,2
DA:55,2
DA:56,1
DA:59,1
DA:62,0
DA:63,1
DA:64,2
DA:69,2
DA:70,1
DA:73,1
LF:33
LH:26
BRDA:23,0,0,2
BRDA:33,1,0,0
BRDA:39,2,0,0
BRDA:55,3,0,1
BRDA:69,4,0,1
BRF:5
BRH:3
end_of_record
